#
# A fatal error has been detected by the Java Runtime Environment:
#
#  EXCEPTION_ACCESS_VIOLATION (0xc0000005) at pc=0x0000000180008790, pid=8452, tid=0x0000000000000c7c
#
# JRE version: Java(TM) SE Runtime Environment (8.0_171-b11) (build 1.8.0_171-b11)
# Java VM: Java HotSpot(TM) 64-Bit Server VM (25.171-b11 mixed mode windows-amd64 compressed oops)
# Problematic frame:
# C  [rxtxSerial.dll+0x8790]
#
# Failed to write core dump. Minidumps are not enabled by default on client versions of Windows
#
# If you would like to submit a bug report, please visit:
#   http://bugreport.java.com/bugreport/crash.jsp
# The crash happened outside the Java Virtual Machine in native code.
# See problematic frame for where to report the bug.
#

---------------  T H R E A D  ---------------

Current thread (0x000000001c888800):  JavaThread "Thread-53" daemon [_thread_in_native, id=3196, stack(0x0000000027150000,0x0000000027250000)]

siginfo: ExceptionCode=0xc0000005, reading address 0x00000000000000f8

Registers:
RAX=0x0000000000000002, RBX=0x000000001d530960, RCX=0x0000000000000001, RDX=0x0000000000000000
RSP=0x000000002724e110, RBP=0x000000002724e388, RSI=0x000000001c4dc929, RDI=0x0000000000000000
R8 =0x0000000000000000, R9 =0x0000000000000000, R10=0x000000001d5384e0, R11=0x0000000000000002
R12=0x000000002724e390, R13=0x0000000017bdfde0, R14=0x000000002724e390, R15=0x000000001c888800
RIP=0x0000000180008790, EFLAGS=0x0000000000010202

Top of Stack: (sp=0x000000002724e110)
0x000000002724e110:   000000001d530960 000000001c4dc920
0x000000002724e120:   000000001c888800 0000000000000009
0x000000002724e130:   000000001c4dc920 000000018000aab4
0x000000002724e140:   000000001c8889f8 0000000000000106
0x000000002724e150:   0000000017bdfde0 000000002724e390
0x000000002724e160:   000000001c88f460 000000001c4dc920
0x000000002724e170:   000000002724e388 000000018000b7fe
0x000000002724e180:   0000000000000008 0000000017bdfde0
0x000000002724e190:   000000001c8889f8 0000000000000000
0x000000002724e1a0:   000000001c888800 0000000000000000
0x000000002724e1b0:   000000e8216a1efc 000000007fffffdc
0x000000002724e1c0:   000000002724e250 0000000000000042
0x000000002724e1d0:   000000001c8889f8 0000000000000000
0x000000002724e1e0:   000000001c4dc920 000000018000213d
0x000000002724e1f0:   000000002724e388 000000018001c0b0
0x000000002724e200:   0000000000000000 0000000180000000 

Instructions: (pc=0x0000000180008790)
0x0000000180008770:   89 83 00 01 00 00 48 89 1d 73 6f 01 00 48 8b c3
0x0000000180008780:   48 8b 5c 24 30 48 8b 74 24 38 48 83 c4 20 5f c3
0x0000000180008790:   39 87 f8 00 00 00 7d 20 0f 1f 84 00 00 00 00 00
0x00000001800087a0:   48 8b 87 00 01 00 00 48 85 c0 74 0c 44 39 98 f8 


Register to memory mapping:

RAX=0x0000000000000002 is an unknown value
RBX=0x000000001d530960 is an unknown value
RCX=0x0000000000000001 is an unknown value
RDX=0x0000000000000000 is an unknown value
RSP=0x000000002724e110 is pointing into the stack for thread: 0x000000001c888800
RBP=0x000000002724e388 is pointing into the stack for thread: 0x000000001c888800
RSI=0x000000001c4dc929 is an unknown value
RDI=0x0000000000000000 is an unknown value
R8 =0x0000000000000000 is an unknown value
R9 =0x0000000000000000 is an unknown value
R10=0x000000001d5384e0 is an unknown value
R11=0x0000000000000002 is an unknown value
R12=0x000000002724e390 is pointing into the stack for thread: 0x000000001c888800
R13=0x0000000017bdfde0 is pointing into metadata
R14=0x000000002724e390 is pointing into the stack for thread: 0x000000001c888800
R15=0x000000001c888800 is a thread


Stack: [0x0000000027150000,0x0000000027250000],  sp=0x000000002724e110,  free space=1016k
Native frames: (J=compiled Java code, j=interpreted, Vv=VM code, C=native code)
C  [rxtxSerial.dll+0x8790]
C  [rxtxSerial.dll+0xaab4]
C  [rxtxSerial.dll+0x213d]
C  0x00000000045c923b

Java frames: (J=compiled Java code, j=interpreted, Vv=VM code)
j  gnu.io.RXTXPort.open(Ljava/lang/String;)I+0
j  gnu.io.RXTXPort.<init>(Ljava/lang/String;)V+125
j  gnu.io.RXTXCommDriver.getCommPort(Ljava/lang/String;I)Lgnu/io/CommPort;+78
j  gnu.io.CommPortIdentifier.open(Ljava/lang/String;I)Lgnu/io/CommPort;+171
v  ~StubRoutines::call_stub
J 1277  sun.reflect.NativeMethodAccessorImpl.invoke0(Ljava/lang/reflect/Method;Ljava/lang/Object;[Ljava/lang/Object;)Ljava/lang/Object; (0 bytes) @ 0x00000000048cd1ff [0x00000000048cd180+0x7f]
J 1276 C1 sun.reflect.NativeMethodAccessorImpl.invoke(Ljava/lang/Object;[Ljava/lang/Object;)Ljava/lang/Object; (104 bytes) @ 0x00000000048cd91c [0x00000000048cd5a0+0x37c]
J 1185 C1 sun.reflect.DelegatingMethodAccessorImpl.invoke(Ljava/lang/Object;[Ljava/lang/Object;)Ljava/lang/Object; (10 bytes) @ 0x0000000004885024 [0x0000000004884fe0+0x44]
J 1171 C1 java.lang.reflect.Method.invoke(Ljava/lang/Object;[Ljava/lang/Object;)Ljava/lang/Object; (62 bytes) @ 0x000000000487eb94 [0x000000000487eaa0+0xf4]
j  org.smslib.helper.CommPortIdentifier.open(Ljava/lang/String;I)Lorg/smslib/helper/SerialPort;+53
j  org.smslib.modem.SerialModemDriver.connectPort()V+129
j  org.smslib.modem.AModemDriver.connect()V+8
j  org.smslib.modem.ModemGateway.startGateway()V+45
j  org.smslib.Service$1Starter.run()V+4
v  ~StubRoutines::call_stub

---------------  P R O C E S S  ---------------

Java Threads: ( => current thread )
  0x000000001ca83000 JavaThread "SMSLib-AsyncMessageProcessor : modem.com7" daemon [_thread_blocked, id=220, stack(0x0000000027750000,0x0000000027850000)]
  0x000000001ca85800 JavaThread "SMSLib-AsyncNotifier : modem.com7" daemon [_thread_blocked, id=6352, stack(0x0000000027650000,0x0000000027750000)]
  0x000000001c59d000 JavaThread "SMSlib-ModemReader-modem.com7" daemon [_thread_blocked, id=4272, stack(0x0000000027550000,0x0000000027650000)]
  0x000000001c599000 JavaThread "CNMIEmulatorProcessor [modem.com7]" daemon [_thread_blocked, id=5228, stack(0x0000000027450000,0x0000000027550000)]
  0x000000001c597000 JavaThread "KeepAlive [modem.com7]" daemon [_thread_blocked, id=7528, stack(0x0000000027350000,0x0000000027450000)]
  0x000000001c59b800 JavaThread "Thread-54" daemon [_thread_in_native, id=13176, stack(0x0000000027250000,0x0000000027350000)]
=>0x000000001c888800 JavaThread "Thread-53" daemon [_thread_in_native, id=3196, stack(0x0000000027150000,0x0000000027250000)]
  0x000000001c88c000 JavaThread "Thread-52" daemon [_thread_blocked, id=6532, stack(0x0000000027050000,0x0000000027150000)]
  0x000000001c88b800 JavaThread "WatchDog" daemon [_thread_blocked, id=5628, stack(0x0000000026f50000,0x0000000027050000)]
  0x000000001c88e800 JavaThread "DelayQueueManager" daemon [_thread_blocked, id=2776, stack(0x0000000026e50000,0x0000000026f50000)]
  0x000000001c88a000 JavaThread "NotifyQueueManager" daemon [_thread_blocked, id=824, stack(0x0000000026d50000,0x0000000026e50000)]
  0x000000001c889000 JavaThread "http-nio-1143-AsyncTimeout" daemon [_thread_blocked, id=13364, stack(0x0000000026c50000,0x0000000026d50000)]
  0x000000001c88d000 JavaThread "http-nio-1143-Acceptor-0" daemon [_thread_in_native, id=2824, stack(0x0000000026b50000,0x0000000026c50000)]
  0x000000001c88d800 JavaThread "http-nio-1143-ClientPoller-1" daemon [_thread_in_native, id=13508, stack(0x0000000026a50000,0x0000000026b50000)]
  0x000000001c88a800 JavaThread "http-nio-1143-ClientPoller-0" daemon [_thread_in_native, id=9684, stack(0x0000000026950000,0x0000000026a50000)]
  0x000000001c881800 JavaThread "http-nio-1143-exec-10" daemon [_thread_blocked, id=7024, stack(0x0000000026850000,0x0000000026950000)]
  0x000000001c887800 JavaThread "http-nio-1143-exec-9" daemon [_thread_blocked, id=13536, stack(0x0000000026750000,0x0000000026850000)]
  0x000000001c880000 JavaThread "http-nio-1143-exec-8" daemon [_thread_blocked, id=7592, stack(0x0000000026650000,0x0000000026750000)]
  0x000000001c882800 JavaThread "http-nio-1143-exec-7" daemon [_thread_blocked, id=8140, stack(0x0000000026550000,0x0000000026650000)]
  0x000000001c885800 JavaThread "http-nio-1143-exec-6" daemon [_thread_blocked, id=11400, stack(0x0000000026450000,0x0000000026550000)]
  0x000000001c881000 JavaThread "http-nio-1143-exec-5" daemon [_thread_blocked, id=10724, stack(0x0000000026350000,0x0000000026450000)]
  0x000000001c887000 JavaThread "http-nio-1143-exec-4" daemon [_thread_blocked, id=4712, stack(0x0000000026250000,0x0000000026350000)]
  0x000000001c886000 JavaThread "http-nio-1143-exec-3" daemon [_thread_blocked, id=8604, stack(0x0000000026150000,0x0000000026250000)]
  0x000000001c884800 JavaThread "http-nio-1143-exec-2" daemon [_thread_blocked, id=6236, stack(0x0000000026050000,0x0000000026150000)]
  0x000000001c87f800 JavaThread "http-nio-1143-exec-1" daemon [_thread_blocked, id=8068, stack(0x0000000025f50000,0x0000000026050000)]
  0x000000001c598800 JavaThread "NioBlockingSelector.BlockPoller-5" daemon [_thread_in_native, id=9304, stack(0x0000000025e50000,0x0000000025f50000)]
  0x000000001c596000 JavaThread "File Watcher" daemon [_thread_blocked, id=4600, stack(0x0000000025d50000,0x0000000025e50000)]
  0x000000001c597800 JavaThread "Tomcat JDBC Pool Cleaner[1984697014:1528605975836]" daemon [_thread_blocked, id=12936, stack(0x0000000025c50000,0x0000000025d50000)]
  0x000000001c59a000 JavaThread "container-0" [_thread_blocked, id=11320, stack(0x0000000025b50000,0x0000000025c50000)]
  0x000000001c59c000 JavaThread "ContainerBackgroundProcessor[StandardEngine[Tomcat]]" daemon [_thread_blocked, id=2820, stack(0x0000000025a50000,0x0000000025b50000)]
  0x000000001c884000 JavaThread "DestroyJavaVM" [_thread_blocked, id=9692, stack(0x00000000043b0000,0x00000000044b0000)]
  0x000000001c59a800 JavaThread "Live Reload Server" daemon [_thread_in_native, id=9712, stack(0x000000001e550000,0x000000001e650000)]
  0x000000001c410800 JavaThread "Abandoned connection cleanup thread" daemon [_thread_blocked, id=4848, stack(0x000000001da50000,0x000000001db50000)]
  0x000000001a354000 JavaThread "RMI TCP Accept-0" daemon [_thread_in_native, id=6224, stack(0x000000001abc0000,0x000000001acc0000)]
  0x000000001a350000 JavaThread "RMI TCP Accept-51044" daemon [_thread_in_native, id=6432, stack(0x000000001aac0000,0x000000001abc0000)]
  0x000000001a344000 JavaThread "RMI TCP Accept-0" daemon [_thread_in_native, id=5900, stack(0x000000001a9c0000,0x000000001aac0000)]
  0x000000001978a800 JavaThread "Service Thread" daemon [_thread_blocked, id=7932, stack(0x0000000019d80000,0x0000000019e80000)]
  0x0000000019786000 JavaThread "C1 CompilerThread2" daemon [_thread_blocked, id=1672, stack(0x0000000019c80000,0x0000000019d80000)]
  0x0000000019780800 JavaThread "C2 CompilerThread1" daemon [_thread_blocked, id=7708, stack(0x0000000019b80000,0x0000000019c80000)]
  0x0000000017f00800 JavaThread "C2 CompilerThread0" daemon [_thread_blocked, id=5056, stack(0x0000000019680000,0x0000000019780000)]
  0x0000000017efe000 JavaThread "Attach Listener" daemon [_thread_blocked, id=13616, stack(0x0000000019580000,0x0000000019680000)]
  0x0000000017efd000 JavaThread "Signal Dispatcher" daemon [_thread_blocked, id=8108, stack(0x0000000019480000,0x0000000019580000)]
  0x0000000017eea000 JavaThread "Finalizer" daemon [_thread_blocked, id=7328, stack(0x0000000019160000,0x0000000019260000)]
  0x0000000017ec9000 JavaThread "Reference Handler" daemon [_thread_blocked, id=7036, stack(0x0000000019060000,0x0000000019160000)]

Other Threads:
  0x0000000017ec7800 VMThread [stack: 0x0000000018f60000,0x0000000019060000] [id=11988]
  0x000000001a35b800 WatcherThread [stack: 0x000000001acc0000,0x000000001adc0000] [id=6524]

VM state:not at safepoint (normal execution)

VM Mutex/Monitor currently owned by a thread: None

Heap:
 PSYoungGen      total 251904K, used 161575K [0x00000000e0100000, 0x00000000f0700000, 0x0000000100000000)
  eden space 236544K, 68% used [0x00000000e0100000,0x00000000e9ec9f08,0x00000000ee800000)
  from space 15360K, 0% used [0x00000000ef800000,0x00000000ef800000,0x00000000f0700000)
  to   space 15872K, 0% used [0x00000000ee800000,0x00000000ee800000,0x00000000ef780000)
 ParOldGen       total 88576K, used 23822K [0x00000000a0200000, 0x00000000a5880000, 0x00000000e0100000)
  object space 88576K, 26% used [0x00000000a0200000,0x00000000a1943a68,0x00000000a5880000)
 Metaspace       used 38494K, capacity 39370K, committed 39720K, reserved 1083392K
  class space    used 5079K, capacity 5299K, committed 5424K, reserved 1048576K

Card table byte_map: [0x0000000013970000,0x0000000013c70000] byte_map_base: 0x000000001346f000

Marking Bits: (ParMarkBitMap*) 0x00000000515708c0
 Begin Bits: [0x0000000014270000, 0x0000000015a68000)
 End Bits:   [0x0000000015a68000, 0x0000000017260000)

Polling page: 0x00000000026f0000

CodeCache: size=245760Kb used=10465Kb max_used=10465Kb free=235294Kb
 bounds [0x00000000045b0000, 0x0000000004ff0000, 0x00000000135b0000]
 total_blobs=5463 nmethods=4962 adapters=414
 compilation: enabled

Compilation events (10 events):
Event: 948.654 Thread 0x0000000019786000 5043       1       java.security.AccessControlContext::combine (205 bytes)
Event: 948.656 Thread 0x0000000019786000 nmethod 5043 0x0000000004fe92d0 code [0x0000000004fe9460, 0x0000000004fe9a18]
Event: 948.657 Thread 0x0000000019786000 5044       1       java.net.InetSocketAddress::getPort (8 bytes)
Event: 948.657 Thread 0x0000000019786000 nmethod 5044 0x0000000004fe9d90 code [0x0000000004fe9ee0, 0x0000000004fe9ff0]
Event: 948.657 Thread 0x0000000019786000 5045       1       java.net.InetSocketAddress$InetSocketAddressHolder::access$400 (5 bytes)
Event: 948.658 Thread 0x0000000019786000 nmethod 5045 0x0000000004fea090 code [0x0000000004fea1e0, 0x0000000004fea2d0]
Event: 1015.453 Thread 0x0000000019786000 5046       1       org.apache.tomcat.util.http.MimeHeaderField::getName (5 bytes)
Event: 1015.453 Thread 0x0000000019786000 nmethod 5046 0x0000000004fea350 code [0x0000000004fea4a0, 0x0000000004fea5b0]
Event: 1015.453 Thread 0x0000000019786000 5047       1       org.apache.tomcat.util.buf.Ascii::toLower (14 bytes)
Event: 1015.453 Thread 0x0000000019786000 nmethod 5047 0x0000000004fea610 code [0x0000000004fea760, 0x0000000004fea890]

GC Heap History (10 events):
Event: 843.245 GC heap before
{Heap before GC invocations=16 (full 4):
 PSYoungGen      total 253440K, used 4092K [0x00000000e0100000, 0x00000000f0900000, 0x0000000100000000)
  eden space 236544K, 0% used [0x00000000e0100000,0x00000000e0100000,0x00000000ee800000)
  from space 16896K, 24% used [0x00000000ef880000,0x00000000efc7f118,0x00000000f0900000)
  to   space 16896K, 0% used [0x00000000ee800000,0x00000000ee800000,0x00000000ef880000)
 ParOldGen       total 88576K, used 24221K [0x00000000a0200000, 0x00000000a5880000, 0x00000000e0100000)
  object space 88576K, 27% used [0x00000000a0200000,0x00000000a19a7700,0x00000000a5880000)
 Metaspace       used 38109K, capacity 38762K, committed 39080K, reserved 1083392K
  class space    used 5042K, capacity 5223K, committed 5296K, reserved 1048576K
Event: 843.719 GC heap after
Heap after GC invocations=16 (full 4):
 PSYoungGen      total 253440K, used 0K [0x00000000e0100000, 0x00000000f0900000, 0x0000000100000000)
  eden space 236544K, 0% used [0x00000000e0100000,0x00000000e0100000,0x00000000ee800000)
  from space 16896K, 0% used [0x00000000ef880000,0x00000000ef880000,0x00000000f0900000)
  to   space 16896K, 0% used [0x00000000ee800000,0x00000000ee800000,0x00000000ef880000)
 ParOldGen       total 88576K, used 23646K [0x00000000a0200000, 0x00000000a5880000, 0x00000000e0100000)
  object space 88576K, 26% used [0x00000000a0200000,0x00000000a1917a70,0x00000000a5880000)
 Metaspace       used 38109K, capacity 38762K, committed 39080K, reserved 1083392K
  class space    used 5042K, capacity 5223K, committed 5296K, reserved 1048576K
}
Event: 865.831 GC heap before
{Heap before GC invocations=17 (full 4):
 PSYoungGen      total 253440K, used 170593K [0x00000000e0100000, 0x00000000f0900000, 0x0000000100000000)
  eden space 236544K, 72% used [0x00000000e0100000,0x00000000ea798758,0x00000000ee800000)
  from space 16896K, 0% used [0x00000000ef880000,0x00000000ef880000,0x00000000f0900000)
  to   space 16896K, 0% used [0x00000000ee800000,0x00000000ee800000,0x00000000ef880000)
 ParOldGen       total 88576K, used 23646K [0x00000000a0200000, 0x00000000a5880000, 0x00000000e0100000)
  object space 88576K, 26% used [0x00000000a0200000,0x00000000a1917a70,0x00000000a5880000)
 Metaspace       used 38263K, capacity 38992K, committed 39080K, reserved 1083392K
  class space    used 5058K, capacity 5245K, committed 5296K, reserved 1048576K
Event: 865.865 GC heap after
Heap after GC invocations=17 (full 4):
 PSYoungGen      total 241152K, used 4108K [0x00000000e0100000, 0x00000000f0800000, 0x0000000100000000)
  eden space 236544K, 0% used [0x00000000e0100000,0x00000000e0100000,0x00000000ee800000)
  from space 4608K, 89% used [0x00000000ee800000,0x00000000eec03108,0x00000000eec80000)
  to   space 16384K, 0% used [0x00000000ef800000,0x00000000ef800000,0x00000000f0800000)
 ParOldGen       total 88576K, used 23654K [0x00000000a0200000, 0x00000000a5880000, 0x00000000e0100000)
  object space 88576K, 26% used [0x00000000a0200000,0x00000000a1919a70,0x00000000a5880000)
 Metaspace       used 38263K, capacity 38992K, committed 39080K, reserved 1083392K
  class space    used 5058K, capacity 5245K, committed 5296K, reserved 1048576K
}
Event: 865.865 GC heap before
{Heap before GC invocations=18 (full 5):
 PSYoungGen      total 241152K, used 4108K [0x00000000e0100000, 0x00000000f0800000, 0x0000000100000000)
  eden space 236544K, 0% used [0x00000000e0100000,0x00000000e0100000,0x00000000ee800000)
  from space 4608K, 89% used [0x00000000ee800000,0x00000000eec03108,0x00000000eec80000)
  to   space 16384K, 0% used [0x00000000ef800000,0x00000000ef800000,0x00000000f0800000)
 ParOldGen       total 88576K, used 23654K [0x00000000a0200000, 0x00000000a5880000, 0x00000000e0100000)
  object space 88576K, 26% used [0x00000000a0200000,0x00000000a1919a70,0x00000000a5880000)
 Metaspace       used 38263K, capacity 38992K, committed 39080K, reserved 1083392K
  class space    used 5058K, capacity 5245K, committed 5296K, reserved 1048576K
Event: 866.327 GC heap after
Heap after GC invocations=18 (full 5):
 PSYoungGen      total 241152K, used 0K [0x00000000e0100000, 0x00000000f0800000, 0x0000000100000000)
  eden space 236544K, 0% used [0x00000000e0100000,0x00000000e0100000,0x00000000ee800000)
  from space 4608K, 0% used [0x00000000ee800000,0x00000000ee800000,0x00000000eec80000)
  to   space 16384K, 0% used [0x00000000ef800000,0x00000000ef800000,0x00000000f0800000)
 ParOldGen       total 88576K, used 23740K [0x00000000a0200000, 0x00000000a5880000, 0x00000000e0100000)
  object space 88576K, 26% used [0x00000000a0200000,0x00000000a192f0e0,0x00000000a5880000)
 Metaspace       used 38261K, capacity 38986K, committed 39080K, reserved 1083392K
  class space    used 5057K, capacity 5243K, committed 5296K, reserved 1048576K
}
Event: 944.913 GC heap before
{Heap before GC invocations=19 (full 5):
 PSYoungGen      total 241152K, used 170481K [0x00000000e0100000, 0x00000000f0800000, 0x0000000100000000)
  eden space 236544K, 72% used [0x00000000e0100000,0x00000000ea77c470,0x00000000ee800000)
  from space 4608K, 0% used [0x00000000ee800000,0x00000000ee800000,0x00000000eec80000)
  to   space 16384K, 0% used [0x00000000ef800000,0x00000000ef800000,0x00000000f0800000)
 ParOldGen       total 88576K, used 23740K [0x00000000a0200000, 0x00000000a5880000, 0x00000000e0100000)
  object space 88576K, 26% used [0x00000000a0200000,0x00000000a192f0e0,0x00000000a5880000)
 Metaspace       used 38386K, capacity 39186K, committed 39336K, reserved 1083392K
  class space    used 5069K, capacity 5260K, committed 5296K, reserved 1048576K
Event: 944.928 GC heap after
Heap after GC invocations=19 (full 5):
 PSYoungGen      total 251904K, used 4067K [0x00000000e0100000, 0x00000000f0700000, 0x0000000100000000)
  eden space 236544K, 0% used [0x00000000e0100000,0x00000000e0100000,0x00000000ee800000)
  from space 15360K, 26% used [0x00000000ef800000,0x00000000efbf8d38,0x00000000f0700000)
  to   space 15872K, 0% used [0x00000000ee800000,0x00000000ee800000,0x00000000ef780000)
 ParOldGen       total 88576K, used 23748K [0x00000000a0200000, 0x00000000a5880000, 0x00000000e0100000)
  object space 88576K, 26% used [0x00000000a0200000,0x00000000a19310e0,0x00000000a5880000)
 Metaspace       used 38386K, capacity 39186K, committed 39336K, reserved 1083392K
  class space    used 5069K, capacity 5260K, committed 5296K, reserved 1048576K
}
Event: 944.928 GC heap before
{Heap before GC invocations=20 (full 6):
 PSYoungGen      total 251904K, used 4067K [0x00000000e0100000, 0x00000000f0700000, 0x0000000100000000)
  eden space 236544K, 0% used [0x00000000e0100000,0x00000000e0100000,0x00000000ee800000)
  from space 15360K, 26% used [0x00000000ef800000,0x00000000efbf8d38,0x00000000f0700000)
  to   space 15872K, 0% used [0x00000000ee800000,0x00000000ee800000,0x00000000ef780000)
 ParOldGen       total 88576K, used 23748K [0x00000000a0200000, 0x00000000a5880000, 0x00000000e0100000)
  object space 88576K, 26% used [0x00000000a0200000,0x00000000a19310e0,0x00000000a5880000)
 Metaspace       used 38386K, capacity 39186K, committed 39336K, reserved 1083392K
  class space    used 5069K, capacity 5260K, committed 5296K, reserved 1048576K
Event: 945.244 GC heap after
Heap after GC invocations=20 (full 6):
 PSYoungGen      total 251904K, used 0K [0x00000000e0100000, 0x00000000f0700000, 0x0000000100000000)
  eden space 236544K, 0% used [0x00000000e0100000,0x00000000e0100000,0x00000000ee800000)
  from space 15360K, 0% used [0x00000000ef800000,0x00000000ef800000,0x00000000f0700000)
  to   space 15872K, 0% used [0x00000000ee800000,0x00000000ee800000,0x00000000ef780000)
 ParOldGen       total 88576K, used 23822K [0x00000000a0200000, 0x00000000a5880000, 0x00000000e0100000)
  object space 88576K, 26% used [0x00000000a0200000,0x00000000a1943a68,0x00000000a5880000)
 Metaspace       used 38384K, capacity 39180K, committed 39336K, reserved 1083392K
  class space    used 5069K, capacity 5258K, committed 5296K, reserved 1048576K
}

Deoptimization events (0 events):
No events

Classes redefined (0 events):
No events

Internal exceptions (10 events):
Event: 948.471 Thread 0x000000001c59b800 Exception <a 'java/lang/ArrayIndexOutOfBoundsException'> (0x00000000e8c94e40) thrown at [C:\re\workspace\8-2-build-windows-amd64-cygwin\jdk8u171\10807\hotspot\src\share\vm\runtime\sharedRuntime.cpp, line 605]
Event: 948.557 Thread 0x000000001c59b800 Exception <a 'java/lang/ArrayIndexOutOfBoundsException'> (0x00000000e9040f90) thrown at [C:\re\workspace\8-2-build-windows-amd64-cygwin\jdk8u171\10807\hotspot\src\share\vm\runtime\sharedRuntime.cpp, line 605]
Event: 948.557 Thread 0x000000001c59b800 Exception <a 'java/lang/ArrayIndexOutOfBoundsException'> (0x00000000e9043250) thrown at [C:\re\workspace\8-2-build-windows-amd64-cygwin\jdk8u171\10807\hotspot\src\share\vm\runtime\sharedRuntime.cpp, line 605]
Event: 948.558 Thread 0x000000001c59b800 Exception <a 'java/lang/ArrayIndexOutOfBoundsException'> (0x00000000e90478d0) thrown at [C:\re\workspace\8-2-build-windows-amd64-cygwin\jdk8u171\10807\hotspot\src\share\vm\runtime\sharedRuntime.cpp, line 605]
Event: 948.559 Thread 0x000000001c59b800 Exception <a 'java/lang/ArrayIndexOutOfBoundsException'> (0x00000000e9055b48) thrown at [C:\re\workspace\8-2-build-windows-amd64-cygwin\jdk8u171\10807\hotspot\src\share\vm\runtime\sharedRuntime.cpp, line 605]
Event: 948.559 Thread 0x000000001c59b800 Exception <a 'java/lang/ArrayIndexOutOfBoundsException'> (0x00000000e9057d60) thrown at [C:\re\workspace\8-2-build-windows-amd64-cygwin\jdk8u171\10807\hotspot\src\share\vm\runtime\sharedRuntime.cpp, line 605]
Event: 1015.491 Thread 0x000000001c88c000 Exception <a 'java/io/FileNotFoundException'> (0x00000000e9e08e20) thrown at [C:\re\workspace\8-2-build-windows-amd64-cygwin\jdk8u171\10807\hotspot\src\share\vm\prims\jni.cpp, line 709]
Event: 1015.678 Thread 0x000000001c88c000 Exception <a 'java/io/FileNotFoundException'> (0x00000000e9e1f100) thrown at [C:\re\workspace\8-2-build-windows-amd64-cygwin\jdk8u171\10807\hotspot\src\share\vm\prims\jni.cpp, line 709]
Event: 1015.679 Thread 0x000000001c888800 Exception <a 'java/io/FileNotFoundException'> (0x00000000e9d43c60) thrown at [C:\re\workspace\8-2-build-windows-amd64-cygwin\jdk8u171\10807\hotspot\src\share\vm\prims\jni.cpp, line 709]
Event: 1015.865 Thread 0x000000001c888800 Exception <a 'java/io/FileNotFoundException'> (0x00000000e9d59f40) thrown at [C:\re\workspace\8-2-build-windows-amd64-cygwin\jdk8u171\10807\hotspot\src\share\vm\prims\jni.cpp, line 709]

Events (10 events):
Event: 1015.483 Executing VM operation: RevokeBias done
Event: 1015.483 Executing VM operation: RevokeBias
Event: 1015.483 Executing VM operation: RevokeBias done
Event: 1015.487 Executing VM operation: RevokeBias
Event: 1015.487 Executing VM operation: RevokeBias done
Event: 1015.487 Thread 0x000000001c88a000 Thread added: 0x000000001c88a000
Event: 1015.488 Thread 0x000000001c88e800 Thread added: 0x000000001c88e800
Event: 1015.488 Thread 0x000000001c88b800 Thread added: 0x000000001c88b800
Event: 1015.488 Thread 0x000000001c88c000 Thread added: 0x000000001c88c000
Event: 1015.489 Thread 0x000000001c888800 Thread added: 0x000000001c888800


Dynamic libraries:
0x00007ff6056a0000 - 0x00007ff6056d7000 	C:\Program Files\Java\jre1.8.0_171\bin\javaw.exe
0x00007ffb44030000 - 0x00007ffb44210000 	C:\WINDOWS\SYSTEM32\ntdll.dll
0x00007ffb439d0000 - 0x00007ffb43a7e000 	C:\WINDOWS\System32\KERNEL32.DLL
0x00007ffb410f0000 - 0x00007ffb41356000 	C:\WINDOWS\System32\KERNELBASE.dll
0x00007ffb41d40000 - 0x00007ffb41de1000 	C:\WINDOWS\System32\ADVAPI32.dll
0x00007ffb41ca0000 - 0x00007ffb41d3d000 	C:\WINDOWS\System32\msvcrt.dll
0x00007ffb423a0000 - 0x00007ffb423fb000 	C:\WINDOWS\System32\sechost.dll
0x00007ffb42470000 - 0x00007ffb4258f000 	C:\WINDOWS\System32\RPCRT4.dll
0x00007ffb43dc0000 - 0x00007ffb43f4f000 	C:\WINDOWS\System32\USER32.dll
0x00007ffb414e0000 - 0x00007ffb41500000 	C:\WINDOWS\System32\win32u.dll
0x00007ffb43d90000 - 0x00007ffb43db8000 	C:\WINDOWS\System32\GDI32.dll
0x00007ffb40f50000 - 0x00007ffb410e3000 	C:\WINDOWS\System32\gdi32full.dll
0x00007ffb40480000 - 0x00007ffb4051b000 	C:\WINDOWS\System32\msvcp_win.dll
0x00007ffb41360000 - 0x00007ffb41456000 	C:\WINDOWS\System32\ucrtbase.dll
0x00007ffb35d50000 - 0x00007ffb35fb9000 	C:\WINDOWS\WinSxS\amd64_microsoft.windows.common-controls_6595b64144ccf1df_6.0.16299.431_none_15c7d3ee93659e73\COMCTL32.dll
0x00007ffb42010000 - 0x00007ffb42318000 	C:\WINDOWS\System32\combase.dll
0x00007ffb41460000 - 0x00007ffb414d2000 	C:\WINDOWS\System32\bcryptPrimitives.dll
0x00007ffb43f60000 - 0x00007ffb43f8d000 	C:\WINDOWS\System32\IMM32.DLL
0x0000000050c70000 - 0x0000000050d42000 	C:\Program Files\Java\jre1.8.0_171\bin\msvcr100.dll
0x0000000050d50000 - 0x00000000515f0000 	C:\Program Files\Java\jre1.8.0_171\bin\server\jvm.dll
0x00007ffb43ff0000 - 0x00007ffb43ff8000 	C:\WINDOWS\System32\PSAPI.DLL
0x00007ffb32b30000 - 0x00007ffb32b39000 	C:\WINDOWS\SYSTEM32\WSOCK32.dll
0x00007ffb42400000 - 0x00007ffb4246c000 	C:\WINDOWS\System32\WS2_32.dll
0x00007ffb3cca0000 - 0x00007ffb3ccc3000 	C:\WINDOWS\SYSTEM32\WINMM.dll
0x00007ffb3e840000 - 0x00007ffb3e84a000 	C:\WINDOWS\SYSTEM32\VERSION.dll
0x00007ffb3cc40000 - 0x00007ffb3cc6a000 	C:\WINDOWS\SYSTEM32\winmmbase.dll
0x00007ffb40430000 - 0x00007ffb4047a000 	C:\WINDOWS\System32\cfgmgr32.dll
0x0000000050c60000 - 0x0000000050c6f000 	C:\Program Files\Java\jre1.8.0_171\bin\verify.dll
0x0000000050c30000 - 0x0000000050c59000 	C:\Program Files\Java\jre1.8.0_171\bin\java.dll
0x0000000050c10000 - 0x0000000050c26000 	C:\Program Files\Java\jre1.8.0_171\bin\zip.dll
0x00007ffb42590000 - 0x00007ffb439c8000 	C:\WINDOWS\System32\SHELL32.dll
0x00007ffb41df0000 - 0x00007ffb41e96000 	C:\WINDOWS\System32\shcore.dll
0x00007ffb407a0000 - 0x00007ffb40ee7000 	C:\WINDOWS\System32\windows.storage.dll
0x00007ffb42340000 - 0x00007ffb42391000 	C:\WINDOWS\System32\shlwapi.dll
0x00007ffb40380000 - 0x00007ffb40391000 	C:\WINDOWS\System32\kernel.appcore.dll
0x00007ffb403c0000 - 0x00007ffb4040c000 	C:\WINDOWS\System32\powrprof.dll
0x00007ffb403a0000 - 0x00007ffb403bb000 	C:\WINDOWS\System32\profapi.dll
0x00000000509e0000 - 0x00000000509ed000 	C:\Program Files\Java\jre1.8.0_171\bin\management.dll
0x0000000050bf0000 - 0x0000000050c0a000 	C:\Program Files\Java\jre1.8.0_171\bin\net.dll
0x00007ffb3fc10000 - 0x00007ffb3fc76000 	C:\WINDOWS\system32\mswsock.dll
0x0000000050bd0000 - 0x0000000050be1000 	C:\Program Files\Java\jre1.8.0_171\bin\nio.dll
0x00007ffb39a00000 - 0x00007ffb39a16000 	C:\WINDOWS\system32\napinsp.dll
0x00007ffb27410000 - 0x00007ffb2742a000 	C:\WINDOWS\system32\pnrpnsp.dll
0x00007ffb3cf00000 - 0x00007ffb3cf18000 	C:\WINDOWS\system32\NLAapi.dll
0x00007ffb3f9e0000 - 0x00007ffb3fa96000 	C:\WINDOWS\SYSTEM32\DNSAPI.dll
0x00007ffb43f50000 - 0x00007ffb43f58000 	C:\WINDOWS\System32\NSI.dll
0x00007ffb3f9a0000 - 0x00007ffb3f9d9000 	C:\WINDOWS\SYSTEM32\IPHLPAPI.DLL
0x00007ffb399e0000 - 0x00007ffb399ee000 	C:\WINDOWS\System32\winrnr.dll
0x00007ffb29140000 - 0x00007ffb29155000 	C:\WINDOWS\System32\wshbth.dll
0x00007ffb341c0000 - 0x00007ffb341ca000 	C:\Windows\System32\rasadhlp.dll
0x00007ffb34b70000 - 0x00007ffb34be0000 	C:\WINDOWS\System32\fwpuclnt.dll
0x00007ffb3fee0000 - 0x00007ffb3ff05000 	C:\WINDOWS\SYSTEM32\bcrypt.dll
0x00007ffb3fde0000 - 0x00007ffb3fdf7000 	C:\WINDOWS\SYSTEM32\CRYPTSP.dll
0x00007ffb3f810000 - 0x00007ffb3f843000 	C:\WINDOWS\system32\rsaenh.dll
0x00007ffb40280000 - 0x00007ffb402a9000 	C:\WINDOWS\SYSTEM32\USERENV.dll
0x00007ffb3fdd0000 - 0x00007ffb3fddb000 	C:\WINDOWS\SYSTEM32\CRYPTBASE.dll
0x00007ffb37c50000 - 0x00007ffb37c66000 	C:\WINDOWS\SYSTEM32\dhcpcsvc6.DLL
0x00007ffb37d40000 - 0x00007ffb37d5a000 	C:\WINDOWS\SYSTEM32\dhcpcsvc.DLL
0x0000000180000000 - 0x0000000180025000 	C:\Program Files\Java\jre1.8.0_171\bin\rxtxSerial.dll
0x00007ffb28da0000 - 0x00007ffb28f68000 	C:\WINDOWS\SYSTEM32\dbghelp.dll

VM Arguments:
jvm_args: -Dcom.sun.management.jmxremote -Dcom.sun.management.jmxremote.port=51044 -Dcom.sun.management.jmxremote.authenticate=false -Dcom.sun.management.jmxremote.ssl=false -Djava.rmi.server.hostname=localhost -Dspring.liveBeansView.mbeanDomain -Dspring.application.admin.enabled=true -Xverify:none -XX:TieredStopAtLevel=1 -Dfile.encoding=UTF-8 
java_command: com.paquage.SmsServerBackEndApplication --spring.output.ansi.enabled=always
java_class_path (initial): C:\Program Files\Java\jre1.8.0_171\lib\resources.jar;C:\Program Files\Java\jre1.8.0_171\lib\rt.jar;C:\Program Files\Java\jre1.8.0_171\lib\jsse.jar;C:\Program Files\Java\jre1.8.0_171\lib\jce.jar;C:\Program Files\Java\jre1.8.0_171\lib\charsets.jar;C:\Program Files\Java\jre1.8.0_171\lib\jfr.jar;C:\Program Files\Java\jre1.8.0_171\lib\ext\access-bridge-64.jar;C:\Program Files\Java\jre1.8.0_171\lib\ext\cldrdata.jar;C:\Program Files\Java\jre1.8.0_171\lib\ext\dnsns.jar;C:\Program Files\Java\jre1.8.0_171\lib\ext\jaccess.jar;C:\Program Files\Java\jre1.8.0_171\lib\ext\jfxrt.jar;C:\Program Files\Java\jre1.8.0_171\lib\ext\localedata.jar;C:\Program Files\Java\jre1.8.0_171\lib\ext\nashorn.jar;C:\Program Files\Java\jre1.8.0_171\lib\ext\RXTXcomm.jar;C:\Program Files\Java\jre1.8.0_171\lib\ext\sunec.jar;C:\Program Files\Java\jre1.8.0_171\lib\ext\sunjce_provider.jar;C:\Program Files\Java\jre1.8.0_171\lib\ext\sunmscapi.jar;C:\Program Files\Java\jre1.8.0_171\lib\ext\sunpkcs11.jar;C:\Program Files\Java\jre1.8.0_171\lib\ext\zipfs.jar;E:\WSspg\SmsServerBackEnd\target\classes;E:\WSspg\SmsServerBackEnd\.mvn\wrapper\sms\smslib-3.5.4.jar;E:\WSspg\SmsServerBackEnd\.mvn\wrapper\sms\smsserver-2.1.2.jar;E:\WSspg\SmsServerBackEnd\.mvn\wrapper\sms\log4j-1.2.17.jar;C:\Users\BORIENT\.m2\repository\org\springframework\boot\spring-boot-starter-data-jpa\1.5.10.RELEASE\spring-boot-starter-data-jpa-1.5.10.RELEASE.jar;C:\Users\BORIENT\.m2\repository\org\springframework\boot\spring-boot-starter\1.5.10.RELEASE\spring-boot-starter-1.5.10.RELEASE.jar;C:\Users\BORIENT\.m2\repository\org\springframework\boot\spring-boot-starter-logging\1.5.10.RELEASE\spring-boot-starter-logging-1.5.10.RELEASE.jar;C:\Users\BORIENT\.m2\repository\ch\qos\logback\logback-classic\1.1.11\logback-classic-1.1.11.jar;C:\Users\BORIENT\.m2\repository\ch\qos\logback\logback-core\1.1.11\logback-core-1.1.11.jar;C:\Users\BORIENT\.m2\repository\org\slf4j\jul-to-slf4j\1.7.25\jul-to-slf4j-1.7.25.jar;C:\Users\BORIENT\.m2
Launcher Type: SUN_STANDARD

Environment Variables:
PATH=C:/Program Files/Java/jre1.8.0_171/bin/server;C:/Program Files/Java/jre1.8.0_171/bin;C:/Program Files/Java/jre1.8.0_171/lib/amd64;C:\Program Files (x86)\Common Files\Oracle\Java\javapath;C:\WINDOWS\system32;C:\WINDOWS;C:\WINDOWS\System32\Wbem;C:\WINDOWS\System32\WindowsPowerShell\v1.0\;C:\Program Files (x86)\Git\cmd;C:\Program Files\nodejs\;C:\Program Files\Java\jdk1.8.0_171\bin;C:\Users\BORIENT\AppData\Local\Microsoft\WindowsApps;C:\Program Files\Microsoft VS Code\bin;C:\Users\BORIENT\AppData\Roaming\npm;E:\JAVA2\Nouveau\sts-3.9.3.RELEASE;
USERNAME=BORIENT
OS=Windows_NT
PROCESSOR_IDENTIFIER=Intel64 Family 6 Model 37 Stepping 5, GenuineIntel



---------------  S Y S T E M  ---------------

OS: Windows 10.0 , 64 bit Build 16299 (10.0.16299.431)

CPU:total 4 (initial active 4) (2 cores per cpu, 2 threads per core) family 6 model 37 stepping 5, cmov, cx8, fxsr, mmx, sse, sse2, sse3, ssse3, sse4.1, sse4.2, popcnt, aes, clmul, ht, tsc, tscinvbit

Memory: 4k page, physical 6281068k(2358364k free), swap 11289840k(5289052k free)

vm_info: Java HotSpot(TM) 64-Bit Server VM (25.171-b11) for windows-amd64 JRE (1.8.0_171-b11), built on Mar 28 2018 16:06:12 by "java_re" with MS VC++ 10.0 (VS2010)

time: Sun Jun 10 05:47:24 2018
elapsed time: 1015 seconds (0d 0h 16m 55s)

