#
# A fatal error has been detected by the Java Runtime Environment:
#
#  EXCEPTION_ACCESS_VIOLATION (0xc0000005) at pc=0x0000000180008790, pid=15332, tid=0x0000000000002d38
#
# JRE version: Java(TM) SE Runtime Environment (8.0_171-b11) (build 1.8.0_171-b11)
# Java VM: Java HotSpot(TM) 64-Bit Server VM (25.171-b11 mixed mode windows-amd64 compressed oops)
# Problematic frame:
# C  [rxtxSerial.dll+0x8790]
#
# Failed to write core dump. Minidumps are not enabled by default on client versions of Windows
#
# If you would like to submit a bug report, please visit:
#   http://bugreport.java.com/bugreport/crash.jsp
# The crash happened outside the Java Virtual Machine in native code.
# See problematic frame for where to report the bug.
#

---------------  T H R E A D  ---------------

Current thread (0x000000001d154800):  JavaThread "Thread-64" daemon [_thread_in_native, id=11576, stack(0x0000000025f80000,0x0000000026080000)]

siginfo: ExceptionCode=0xc0000005, reading address 0x00000000000000f8

Registers:
RAX=0x0000000000000002, RBX=0x000000001c5e0960, RCX=0x0000000000000001, RDX=0x0000000000000000
RSP=0x000000002607e1a0, RBP=0x000000002607e418, RSI=0x000000001cfb26b9, RDI=0x0000000000000000
R8 =0x0000000000000000, R9 =0x0000000000000000, R10=0x000000001c5e84e0, R11=0x0000000000000002
R12=0x000000002607e420, R13=0x000000001851fde0, R14=0x000000002607e420, R15=0x000000001d154800
RIP=0x0000000180008790, EFLAGS=0x0000000000010202

Top of Stack: (sp=0x000000002607e1a0)
0x000000002607e1a0:   000000001c5e0960 000000001cfb26b0
0x000000002607e1b0:   000000001d154800 0000000000000009
0x000000002607e1c0:   000000001cfb26b0 000000018000aab4
0x000000002607e1d0:   000000001d1549f8 0000000000000106
0x000000002607e1e0:   000000001851fde0 000000002607e420
0x000000002607e1f0:   000000001a52a4b0 000000001cfb26b0
0x000000002607e200:   000000002607e418 000000018000b7fe
0x000000002607e210:   0000000000000008 000000001851fde0
0x000000002607e220:   000000001d1549f8 0000000000000000
0x000000002607e230:   000000001d154800 0000000000000000
0x000000002607e240:   000000e64cb43920 000000007fffffdc
0x000000002607e250:   000000002607e2e0 0000000000000042
0x000000002607e260:   000000001d1549f8 0000000000000000
0x000000002607e270:   000000001cfb26b0 000000018000213d
0x000000002607e280:   000000002607e418 000000018001c0b0
0x000000002607e290:   0000000000000000 0000000180000000 

Instructions: (pc=0x0000000180008790)
0x0000000180008770:   89 83 00 01 00 00 48 89 1d 73 6f 01 00 48 8b c3
0x0000000180008780:   48 8b 5c 24 30 48 8b 74 24 38 48 83 c4 20 5f c3
0x0000000180008790:   39 87 f8 00 00 00 7d 20 0f 1f 84 00 00 00 00 00
0x00000001800087a0:   48 8b 87 00 01 00 00 48 85 c0 74 0c 44 39 98 f8 


Register to memory mapping:

RAX=0x0000000000000002 is an unknown value
RBX=0x000000001c5e0960 is an unknown value
RCX=0x0000000000000001 is an unknown value
RDX=0x0000000000000000 is an unknown value
RSP=0x000000002607e1a0 is pointing into the stack for thread: 0x000000001d154800
RBP=0x000000002607e418 is pointing into the stack for thread: 0x000000001d154800
RSI=0x000000001cfb26b9 is an unknown value
RDI=0x0000000000000000 is an unknown value
R8 =0x0000000000000000 is an unknown value
R9 =0x0000000000000000 is an unknown value
R10=0x000000001c5e84e0 is an unknown value
R11=0x0000000000000002 is an unknown value
R12=0x000000002607e420 is pointing into the stack for thread: 0x000000001d154800
R13=0x000000001851fde0 is pointing into metadata
R14=0x000000002607e420 is pointing into the stack for thread: 0x000000001d154800
R15=0x000000001d154800 is a thread


Stack: [0x0000000025f80000,0x0000000026080000],  sp=0x000000002607e1a0,  free space=1016k
Native frames: (J=compiled Java code, j=interpreted, Vv=VM code, C=native code)
C  [rxtxSerial.dll+0x8790]
C  [rxtxSerial.dll+0xaab4]
C  [rxtxSerial.dll+0x213d]
C  0x0000000004ef923b

Java frames: (J=compiled Java code, j=interpreted, Vv=VM code)
j  gnu.io.RXTXPort.open(Ljava/lang/String;)I+0
j  gnu.io.RXTXPort.<init>(Ljava/lang/String;)V+125
j  gnu.io.RXTXCommDriver.getCommPort(Ljava/lang/String;I)Lgnu/io/CommPort;+78
j  gnu.io.CommPortIdentifier.open(Ljava/lang/String;I)Lgnu/io/CommPort;+171
v  ~StubRoutines::call_stub
J 1316  sun.reflect.NativeMethodAccessorImpl.invoke0(Ljava/lang/reflect/Method;Ljava/lang/Object;[Ljava/lang/Object;)Ljava/lang/Object; (0 bytes) @ 0x000000000520e97f [0x000000000520e900+0x7f]
J 1315 C1 sun.reflect.NativeMethodAccessorImpl.invoke(Ljava/lang/Object;[Ljava/lang/Object;)Ljava/lang/Object; (104 bytes) @ 0x000000000521515c [0x0000000005214de0+0x37c]
J 1177 C1 sun.reflect.DelegatingMethodAccessorImpl.invoke(Ljava/lang/Object;[Ljava/lang/Object;)Ljava/lang/Object; (10 bytes) @ 0x00000000051b5e24 [0x00000000051b5de0+0x44]
J 1176 C1 java.lang.reflect.Method.invoke(Ljava/lang/Object;[Ljava/lang/Object;)Ljava/lang/Object; (62 bytes) @ 0x00000000051b5a54 [0x00000000051b5960+0xf4]
j  org.smslib.helper.CommPortIdentifier.open(Ljava/lang/String;I)Lorg/smslib/helper/SerialPort;+53
j  org.smslib.modem.SerialModemDriver.connectPort()V+129
j  org.smslib.modem.AModemDriver.connect()V+8
j  org.smslib.modem.ModemGateway.startGateway()V+45
j  org.smslib.Service$1Starter.run()V+4
v  ~StubRoutines::call_stub

---------------  P R O C E S S  ---------------

Java Threads: ( => current thread )
  0x000000001d408000 JavaThread "SMSLib-AsyncMessageProcessor : modem.com5" daemon [_thread_blocked, id=15212, stack(0x0000000026580000,0x0000000026680000)]
  0x000000001d403000 JavaThread "SMSLib-AsyncNotifier : modem.com5" daemon [_thread_blocked, id=5620, stack(0x0000000026480000,0x0000000026580000)]
  0x000000001d407800 JavaThread "SMSlib-ModemReader-modem.com5" daemon [_thread_blocked, id=13924, stack(0x0000000026380000,0x0000000026480000)]
  0x000000001d155000 JavaThread "CNMIEmulatorProcessor [modem.com5]" daemon [_thread_blocked, id=6688, stack(0x0000000026280000,0x0000000026380000)]
  0x000000001d153000 JavaThread "KeepAlive [modem.com5]" daemon [_thread_blocked, id=2144, stack(0x0000000026180000,0x0000000026280000)]
  0x000000001d159000 JavaThread "Thread-65" daemon [_thread_in_native, id=8688, stack(0x0000000026080000,0x0000000026180000)]
=>0x000000001d154800 JavaThread "Thread-64" daemon [_thread_in_native, id=11576, stack(0x0000000025f80000,0x0000000026080000)]
  0x000000001cad7000 JavaThread "Thread-63" daemon [_thread_blocked, id=1316, stack(0x0000000025e80000,0x0000000025f80000)]
  0x000000001cad8800 JavaThread "Thread-62" daemon [_thread_blocked, id=2848, stack(0x0000000025d80000,0x0000000025e80000)]
  0x000000001cad5800 JavaThread "Thread-61" daemon [_thread_blocked, id=7856, stack(0x0000000025c80000,0x0000000025d80000)]
  0x000000001cad5000 JavaThread "WatchDog" daemon [_thread_blocked, id=10012, stack(0x0000000025b80000,0x0000000025c80000)]
  0x000000001cad4000 JavaThread "DelayQueueManager" daemon [_thread_blocked, id=15256, stack(0x0000000025a80000,0x0000000025b80000)]
  0x000000001cad6800 JavaThread "NotifyQueueManager" daemon [_thread_blocked, id=2444, stack(0x0000000025980000,0x0000000025a80000)]
  0x000000001cad3800 JavaThread "http-nio-8080-AsyncTimeout" daemon [_thread_blocked, id=14732, stack(0x0000000025880000,0x0000000025980000)]
  0x000000001cad8000 JavaThread "http-nio-8080-Acceptor-0" daemon [_thread_in_native, id=1352, stack(0x0000000025780000,0x0000000025880000)]
  0x000000001cacc000 JavaThread "http-nio-8080-ClientPoller-1" daemon [_thread_in_native, id=9208, stack(0x0000000025680000,0x0000000025780000)]
  0x000000001cad2000 JavaThread "http-nio-8080-ClientPoller-0" daemon [_thread_in_native, id=12972, stack(0x0000000025580000,0x0000000025680000)]
  0x000000001cacf000 JavaThread "http-nio-8080-exec-10" daemon [_thread_blocked, id=12964, stack(0x0000000025480000,0x0000000025580000)]
  0x000000001cad2800 JavaThread "http-nio-8080-exec-9" daemon [_thread_blocked, id=11640, stack(0x0000000025380000,0x0000000025480000)]
  0x000000001cacb000 JavaThread "http-nio-8080-exec-8" daemon [_thread_blocked, id=10624, stack(0x0000000025280000,0x0000000025380000)]
  0x000000001caca800 JavaThread "http-nio-8080-exec-7" daemon [_thread_blocked, id=15152, stack(0x0000000025180000,0x0000000025280000)]
  0x000000001cad0800 JavaThread "http-nio-8080-exec-6" daemon [_thread_blocked, id=12892, stack(0x0000000025080000,0x0000000025180000)]
  0x000000001cac9800 JavaThread "http-nio-8080-exec-5" daemon [_thread_blocked, id=11000, stack(0x0000000024f80000,0x0000000025080000)]
  0x000000001cace000 JavaThread "http-nio-8080-exec-4" daemon [_thread_blocked, id=10000, stack(0x0000000024e80000,0x0000000024f80000)]
  0x000000001cacd800 JavaThread "http-nio-8080-exec-3" daemon [_thread_blocked, id=11776, stack(0x0000000024d80000,0x0000000024e80000)]
  0x000000001cacf800 JavaThread "http-nio-8080-exec-2" daemon [_thread_blocked, id=6416, stack(0x0000000024c80000,0x0000000024d80000)]
  0x000000001cacc800 JavaThread "http-nio-8080-exec-1" daemon [_thread_blocked, id=15092, stack(0x0000000024b80000,0x0000000024c80000)]
  0x000000001d156800 JavaThread "NioBlockingSelector.BlockPoller-3" daemon [_thread_in_native, id=11148, stack(0x0000000024a80000,0x0000000024b80000)]
  0x000000001d157800 JavaThread "File Watcher" daemon [_thread_blocked, id=15320, stack(0x0000000024980000,0x0000000024a80000)]
  0x000000001d153800 JavaThread "Tomcat JDBC Pool Cleaner[1984697014:1528608959595]" daemon [_thread_blocked, id=12728, stack(0x0000000024880000,0x0000000024980000)]
  0x000000001d159800 JavaThread "container-0" [_thread_blocked, id=4632, stack(0x0000000024780000,0x0000000024880000)]
  0x000000001d156000 JavaThread "ContainerBackgroundProcessor[StandardEngine[Tomcat]]" daemon [_thread_blocked, id=2504, stack(0x0000000024680000,0x0000000024780000)]
  0x000000001cad1000 JavaThread "DestroyJavaVM" [_thread_blocked, id=15304, stack(0x0000000004ce0000,0x0000000004de0000)]
  0x000000001d158000 JavaThread "Live Reload Server" daemon [_thread_in_native, id=10588, stack(0x000000001f080000,0x000000001f180000)]
  0x000000001cf45800 JavaThread "Abandoned connection cleanup thread" daemon [_thread_blocked, id=13720, stack(0x000000001e580000,0x000000001e680000)]
  0x000000001ad8f000 JavaThread "RMI TCP Accept-0" daemon [_thread_in_native, id=13320, stack(0x000000001b5f0000,0x000000001b6f0000)]
  0x000000001ad8c000 JavaThread "RMI TCP Accept-53529" daemon [_thread_in_native, id=8380, stack(0x000000001b4f0000,0x000000001b5f0000)]
  0x000000001ad7f800 JavaThread "RMI TCP Accept-0" daemon [_thread_in_native, id=14688, stack(0x000000001b3f0000,0x000000001b4f0000)]
  0x000000001a2db800 JavaThread "Service Thread" daemon [_thread_blocked, id=14096, stack(0x000000001a6b0000,0x000000001a7b0000)]
  0x000000001883f800 JavaThread "C1 CompilerThread2" daemon [_thread_blocked, id=11948, stack(0x000000001a1b0000,0x000000001a2b0000)]
  0x0000000018833000 JavaThread "C2 CompilerThread1" daemon [_thread_blocked, id=5488, stack(0x000000001a0b0000,0x000000001a1b0000)]
  0x0000000018830800 JavaThread "C2 CompilerThread0" daemon [_thread_blocked, id=10116, stack(0x0000000019fb0000,0x000000001a0b0000)]
  0x000000001882e000 JavaThread "Attach Listener" daemon [_thread_blocked, id=11452, stack(0x0000000019eb0000,0x0000000019fb0000)]
  0x000000001882d000 JavaThread "Signal Dispatcher" daemon [_thread_blocked, id=15228, stack(0x0000000019db0000,0x0000000019eb0000)]
  0x000000001881a000 JavaThread "Finalizer" daemon [_thread_blocked, id=15232, stack(0x0000000019a90000,0x0000000019b90000)]
  0x00000000187f9000 JavaThread "Reference Handler" daemon [_thread_blocked, id=15236, stack(0x0000000019990000,0x0000000019a90000)]

Other Threads:
  0x00000000187f7800 VMThread [stack: 0x0000000019890000,0x0000000019990000] [id=15240]
  0x000000001ad91000 WatcherThread [stack: 0x000000001b6f0000,0x000000001b7f0000] [id=1364]

VM state:not at safepoint (normal execution)

VM Mutex/Monitor currently owned by a thread: None

Heap:
 PSYoungGen      total 254976K, used 163171K [0x00000000e0100000, 0x00000000f0980000, 0x0000000100000000)
  eden space 240128K, 67% used [0x00000000e0100000,0x00000000ea058f58,0x00000000eeb80000)
  from space 14848K, 0% used [0x00000000efb00000,0x00000000efb00000,0x00000000f0980000)
  to   space 15360K, 0% used [0x00000000eeb80000,0x00000000eeb80000,0x00000000efa80000)
 ParOldGen       total 90112K, used 23652K [0x00000000a0200000, 0x00000000a5a00000, 0x00000000e0100000)
  object space 90112K, 26% used [0x00000000a0200000,0x00000000a19190d8,0x00000000a5a00000)
 Metaspace       used 38252K, capacity 38960K, committed 39080K, reserved 1083392K
  class space    used 5062K, capacity 5276K, committed 5296K, reserved 1048576K

Card table byte_map: [0x00000000142a0000,0x00000000145a0000] byte_map_base: 0x0000000013d9f000

Marking Bits: (ParMarkBitMap*) 0x00000000515708c0
 Begin Bits: [0x0000000014ba0000, 0x0000000016398000)
 End Bits:   [0x0000000016398000, 0x0000000017b90000)

Polling page: 0x0000000004c20000

CodeCache: size=245760Kb used=9625Kb max_used=9625Kb free=236134Kb
 bounds [0x0000000004ee0000, 0x0000000005850000, 0x0000000013ee0000]
 total_blobs=5063 nmethods=4562 adapters=414
 compilation: enabled

Compilation events (10 events):
Event: 576.655 Thread 0x000000001883f800 4643       1       sun.util.locale.LocaleUtils::toLower (17 bytes)
Event: 576.656 Thread 0x000000001883f800 nmethod 4643 0x00000000058479d0 code [0x0000000005847b20, 0x0000000005847c50]
Event: 576.657 Thread 0x000000001883f800 4642       1       org.springframework.beans.factory.annotation.AutowiredAnnotationBeanPostProcessor$1::<init> (15 bytes)
Event: 576.657 Thread 0x000000001883f800 nmethod 4642 0x0000000005847c90 code [0x0000000005847de0, 0x0000000005847f10]
Event: 576.658 Thread 0x000000001883f800 4645       1       org.hibernate.internal.SessionFactoryImpl::isClosed (5 bytes)
Event: 576.658 Thread 0x000000001883f800 nmethod 4645 0x0000000005847f90 code [0x00000000058480e0, 0x00000000058481f0]
Event: 576.659 Thread 0x000000001883f800 4644       1       sun.util.locale.StringTokenIterator::isDone (5 bytes)
Event: 576.659 Thread 0x000000001883f800 nmethod 4644 0x0000000005848250 code [0x00000000058483a0, 0x00000000058484b0]
Event: 576.660 Thread 0x000000001883f800 4646       1       org.smslib.Service::getSettings (5 bytes)
Event: 576.660 Thread 0x000000001883f800 nmethod 4646 0x0000000005848510 code [0x0000000005848660, 0x0000000005848770]

GC Heap History (10 events):
Event: 12.074 GC heap before
{Heap before GC invocations=12 (full 2):
 PSYoungGen      total 212992K, used 10785K [0x00000000e0100000, 0x00000000f1880000, 0x0000000100000000)
  eden space 197632K, 0% used [0x00000000e0100000,0x00000000e0100000,0x00000000ec200000)
  from space 15360K, 70% used [0x00000000ed180000,0x00000000edc08580,0x00000000ee080000)
  to   space 15872K, 0% used [0x00000000ec200000,0x00000000ec200000,0x00000000ed180000)
 ParOldGen       total 48128K, used 23265K [0x00000000a0200000, 0x00000000a3100000, 0x00000000e0100000)
  object space 48128K, 48% used [0x00000000a0200000,0x00000000a18b87a8,0x00000000a3100000)
 Metaspace       used 34908K, capacity 35340K, committed 35496K, reserved 1079296K
  class space    used 4639K, capacity 4767K, committed 4784K, reserved 1048576K
Event: 12.382 GC heap after
Heap after GC invocations=12 (full 2):
 PSYoungGen      total 212992K, used 0K [0x00000000e0100000, 0x00000000f1880000, 0x0000000100000000)
  eden space 197632K, 0% used [0x00000000e0100000,0x00000000e0100000,0x00000000ec200000)
  from space 15360K, 0% used [0x00000000ed180000,0x00000000ed180000,0x00000000ee080000)
  to   space 15872K, 0% used [0x00000000ec200000,0x00000000ec200000,0x00000000ed180000)
 ParOldGen       total 90112K, used 25264K [0x00000000a0200000, 0x00000000a5a00000, 0x00000000e0100000)
  object space 90112K, 28% used [0x00000000a0200000,0x00000000a1aac1f0,0x00000000a5a00000)
 Metaspace       used 34908K, capacity 35340K, committed 35496K, reserved 1079296K
  class space    used 4639K, capacity 4767K, committed 4784K, reserved 1048576K
}
Event: 533.643 GC heap before
{Heap before GC invocations=13 (full 2):
 PSYoungGen      total 212992K, used 114833K [0x00000000e0100000, 0x00000000f1880000, 0x0000000100000000)
  eden space 197632K, 58% used [0x00000000e0100000,0x00000000e71245e0,0x00000000ec200000)
  from space 15360K, 0% used [0x00000000ed180000,0x00000000ed180000,0x00000000ee080000)
  to   space 15872K, 0% used [0x00000000ec200000,0x00000000ec200000,0x00000000ed180000)
 ParOldGen       total 90112K, used 25264K [0x00000000a0200000, 0x00000000a5a00000, 0x00000000e0100000)
  object space 90112K, 28% used [0x00000000a0200000,0x00000000a1aac1f0,0x00000000a5a00000)
 Metaspace       used 37888K, capacity 38396K, committed 38824K, reserved 1083392K
  class space    used 5022K, capacity 5189K, committed 5296K, reserved 1048576K
Event: 533.657 GC heap after
Heap after GC invocations=13 (full 2):
 PSYoungGen      total 213504K, used 3511K [0x00000000e0100000, 0x00000000f0a80000, 0x0000000100000000)
  eden space 197632K, 0% used [0x00000000e0100000,0x00000000e0100000,0x00000000ec200000)
  from space 15872K, 22% used [0x00000000ec200000,0x00000000ec56ded8,0x00000000ed180000)
  to   space 15872K, 0% used [0x00000000efb00000,0x00000000efb00000,0x00000000f0a80000)
 ParOldGen       total 90112K, used 25272K [0x00000000a0200000, 0x00000000a5a00000, 0x00000000e0100000)
  object space 90112K, 28% used [0x00000000a0200000,0x00000000a1aae1f0,0x00000000a5a00000)
 Metaspace       used 37888K, capacity 38396K, committed 38824K, reserved 1083392K
  class space    used 5022K, capacity 5189K, committed 5296K, reserved 1048576K
}
Event: 533.657 GC heap before
{Heap before GC invocations=14 (full 3):
 PSYoungGen      total 213504K, used 3511K [0x00000000e0100000, 0x00000000f0a80000, 0x0000000100000000)
  eden space 197632K, 0% used [0x00000000e0100000,0x00000000e0100000,0x00000000ec200000)
  from space 15872K, 22% used [0x00000000ec200000,0x00000000ec56ded8,0x00000000ed180000)
  to   space 15872K, 0% used [0x00000000efb00000,0x00000000efb00000,0x00000000f0a80000)
 ParOldGen       total 90112K, used 25272K [0x00000000a0200000, 0x00000000a5a00000, 0x00000000e0100000)
  object space 90112K, 28% used [0x00000000a0200000,0x00000000a1aae1f0,0x00000000a5a00000)
 Metaspace       used 37888K, capacity 38396K, committed 38824K, reserved 1083392K
  class space    used 5022K, capacity 5189K, committed 5296K, reserved 1048576K
Event: 534.596 GC heap after
Heap after GC invocations=14 (full 3):
 PSYoungGen      total 213504K, used 0K [0x00000000e0100000, 0x00000000f0a80000, 0x0000000100000000)
  eden space 197632K, 0% used [0x00000000e0100000,0x00000000e0100000,0x00000000ec200000)
  from space 15872K, 0% used [0x00000000ec200000,0x00000000ec200000,0x00000000ed180000)
  to   space 15872K, 0% used [0x00000000efb00000,0x00000000efb00000,0x00000000f0a80000)
 ParOldGen       total 90112K, used 24198K [0x00000000a0200000, 0x00000000a5a00000, 0x00000000e0100000)
  object space 90112K, 26% used [0x00000000a0200000,0x00000000a19a1a88,0x00000000a5a00000)
 Metaspace       used 37888K, capacity 38396K, committed 38824K, reserved 1083392K
  class space    used 5022K, capacity 5189K, committed 5296K, reserved 1048576K
}
Event: 559.792 GC heap before
{Heap before GC invocations=15 (full 3):
 PSYoungGen      total 213504K, used 169387K [0x00000000e0100000, 0x00000000f0a80000, 0x0000000100000000)
  eden space 197632K, 85% used [0x00000000e0100000,0x00000000ea66ad08,0x00000000ec200000)
  from space 15872K, 0% used [0x00000000ec200000,0x00000000ec200000,0x00000000ed180000)
  to   space 15872K, 0% used [0x00000000efb00000,0x00000000efb00000,0x00000000f0a80000)
 ParOldGen       total 90112K, used 24198K [0x00000000a0200000, 0x00000000a5a00000, 0x00000000e0100000)
  object space 90112K, 26% used [0x00000000a0200000,0x00000000a19a1a88,0x00000000a5a00000)
 Metaspace       used 38104K, capacity 38704K, committed 38824K, reserved 1083392K
  class space    used 5045K, capacity 5224K, committed 5296K, reserved 1048576K
Event: 559.809 GC heap after
Heap after GC invocations=15 (full 3):
 PSYoungGen      total 254976K, used 4108K [0x00000000e0100000, 0x00000000f0980000, 0x0000000100000000)
  eden space 240128K, 0% used [0x00000000e0100000,0x00000000e0100000,0x00000000eeb80000)
  from space 14848K, 27% used [0x00000000efb00000,0x00000000eff03108,0x00000000f0980000)
  to   space 15360K, 0% used [0x00000000eeb80000,0x00000000eeb80000,0x00000000efa80000)
 ParOldGen       total 90112K, used 24206K [0x00000000a0200000, 0x00000000a5a00000, 0x00000000e0100000)
  object space 90112K, 26% used [0x00000000a0200000,0x00000000a19a3a88,0x00000000a5a00000)
 Metaspace       used 38104K, capacity 38704K, committed 38824K, reserved 1083392K
  class space    used 5045K, capacity 5224K, committed 5296K, reserved 1048576K
}
Event: 559.809 GC heap before
{Heap before GC invocations=16 (full 4):
 PSYoungGen      total 254976K, used 4108K [0x00000000e0100000, 0x00000000f0980000, 0x0000000100000000)
  eden space 240128K, 0% used [0x00000000e0100000,0x00000000e0100000,0x00000000eeb80000)
  from space 14848K, 27% used [0x00000000efb00000,0x00000000eff03108,0x00000000f0980000)
  to   space 15360K, 0% used [0x00000000eeb80000,0x00000000eeb80000,0x00000000efa80000)
 ParOldGen       total 90112K, used 24206K [0x00000000a0200000, 0x00000000a5a00000, 0x00000000e0100000)
  object space 90112K, 26% used [0x00000000a0200000,0x00000000a19a3a88,0x00000000a5a00000)
 Metaspace       used 38104K, capacity 38704K, committed 38824K, reserved 1083392K
  class space    used 5045K, capacity 5224K, committed 5296K, reserved 1048576K
Event: 560.377 GC heap after
Heap after GC invocations=16 (full 4):
 PSYoungGen      total 254976K, used 0K [0x00000000e0100000, 0x00000000f0980000, 0x0000000100000000)
  eden space 240128K, 0% used [0x00000000e0100000,0x00000000e0100000,0x00000000eeb80000)
  from space 14848K, 0% used [0x00000000efb00000,0x00000000efb00000,0x00000000f0980000)
  to   space 15360K, 0% used [0x00000000eeb80000,0x00000000eeb80000,0x00000000efa80000)
 ParOldGen       total 90112K, used 23652K [0x00000000a0200000, 0x00000000a5a00000, 0x00000000e0100000)
  object space 90112K, 26% used [0x00000000a0200000,0x00000000a19190d8,0x00000000a5a00000)
 Metaspace       used 38104K, capacity 38704K, committed 38824K, reserved 1083392K
  class space    used 5045K, capacity 5224K, committed 5296K, reserved 1048576K
}

Deoptimization events (0 events):
No events

Classes redefined (0 events):
No events

Internal exceptions (10 events):
Event: 563.927 Thread 0x000000001d153000 Exception <a 'java/lang/ArrayIndexOutOfBoundsException'> (0x00000000e91fa850) thrown at [C:\re\workspace\8-2-build-windows-amd64-cygwin\jdk8u171\10807\hotspot\src\share\vm\runtime\sharedRuntime.cpp, line 605]
Event: 563.928 Thread 0x000000001d153000 Exception <a 'java/lang/ArrayIndexOutOfBoundsException'> (0x00000000e91fca68) thrown at [C:\re\workspace\8-2-build-windows-amd64-cygwin\jdk8u171\10807\hotspot\src\share\vm\runtime\sharedRuntime.cpp, line 605]
Event: 576.653 Thread 0x000000001cad8800 Exception <a 'java/io/FileNotFoundException'> (0x00000000e9d3c778) thrown at [C:\re\workspace\8-2-build-windows-amd64-cygwin\jdk8u171\10807\hotspot\src\share\vm\prims\jni.cpp, line 709]
Event: 576.833 Thread 0x000000001cad8800 Exception <a 'java/io/FileNotFoundException'> (0x00000000e9d52a58) thrown at [C:\re\workspace\8-2-build-windows-amd64-cygwin\jdk8u171\10807\hotspot\src\share\vm\prims\jni.cpp, line 709]
Event: 576.835 Thread 0x000000001cad7000 Exception <a 'java/io/FileNotFoundException'> (0x00000000e9f94f68) thrown at [C:\re\workspace\8-2-build-windows-amd64-cygwin\jdk8u171\10807\hotspot\src\share\vm\prims\jni.cpp, line 709]
Event: 577.018 Thread 0x000000001cad7000 Exception <a 'java/io/FileNotFoundException'> (0x00000000e9fab248) thrown at [C:\re\workspace\8-2-build-windows-amd64-cygwin\jdk8u171\10807\hotspot\src\share\vm\prims\jni.cpp, line 709]
Event: 577.019 Thread 0x000000001d154800 Exception <a 'java/io/FileNotFoundException'> (0x00000000e9e04bb8) thrown at [C:\re\workspace\8-2-build-windows-amd64-cygwin\jdk8u171\10807\hotspot\src\share\vm\prims\jni.cpp, line 709]
Event: 577.204 Thread 0x000000001d154800 Exception <a 'java/io/FileNotFoundException'> (0x00000000e9e1ae98) thrown at [C:\re\workspace\8-2-build-windows-amd64-cygwin\jdk8u171\10807\hotspot\src\share\vm\prims\jni.cpp, line 709]
Event: 577.205 Thread 0x000000001cad5800 Exception <a 'java/io/FileNotFoundException'> (0x00000000e9eccda0) thrown at [C:\re\workspace\8-2-build-windows-amd64-cygwin\jdk8u171\10807\hotspot\src\share\vm\prims\jni.cpp, line 709]
Event: 577.393 Thread 0x000000001cad5800 Exception <a 'java/io/FileNotFoundException'> (0x00000000e9ee3080) thrown at [C:\re\workspace\8-2-build-windows-amd64-cygwin\jdk8u171\10807\hotspot\src\share\vm\prims\jni.cpp, line 709]

Events (10 events):
Event: 576.642 Executing VM operation: RevokeBias done
Event: 576.642 Executing VM operation: RevokeBias
Event: 576.643 Executing VM operation: RevokeBias done
Event: 576.647 Thread 0x000000001cad6800 Thread added: 0x000000001cad6800
Event: 576.647 Thread 0x000000001cad4000 Thread added: 0x000000001cad4000
Event: 576.647 Thread 0x000000001cad5000 Thread added: 0x000000001cad5000
Event: 576.647 Thread 0x000000001cad5800 Thread added: 0x000000001cad5800
Event: 576.648 Thread 0x000000001cad8800 Thread added: 0x000000001cad8800
Event: 576.648 Thread 0x000000001cad7000 Thread added: 0x000000001cad7000
Event: 576.648 Thread 0x000000001d154800 Thread added: 0x000000001d154800


Dynamic libraries:
0x00007ff6056a0000 - 0x00007ff6056d7000 	C:\Program Files\Java\jre1.8.0_171\bin\javaw.exe
0x00007ffb44030000 - 0x00007ffb44210000 	C:\WINDOWS\SYSTEM32\ntdll.dll
0x00007ffb439d0000 - 0x00007ffb43a7e000 	C:\WINDOWS\System32\KERNEL32.DLL
0x00007ffb410f0000 - 0x00007ffb41356000 	C:\WINDOWS\System32\KERNELBASE.dll
0x00007ffb41d40000 - 0x00007ffb41de1000 	C:\WINDOWS\System32\ADVAPI32.dll
0x00007ffb41ca0000 - 0x00007ffb41d3d000 	C:\WINDOWS\System32\msvcrt.dll
0x00007ffb423a0000 - 0x00007ffb423fb000 	C:\WINDOWS\System32\sechost.dll
0x00007ffb42470000 - 0x00007ffb4258f000 	C:\WINDOWS\System32\RPCRT4.dll
0x00007ffb43dc0000 - 0x00007ffb43f4f000 	C:\WINDOWS\System32\USER32.dll
0x00007ffb414e0000 - 0x00007ffb41500000 	C:\WINDOWS\System32\win32u.dll
0x00007ffb43d90000 - 0x00007ffb43db8000 	C:\WINDOWS\System32\GDI32.dll
0x00007ffb40f50000 - 0x00007ffb410e3000 	C:\WINDOWS\System32\gdi32full.dll
0x00007ffb40480000 - 0x00007ffb4051b000 	C:\WINDOWS\System32\msvcp_win.dll
0x00007ffb41360000 - 0x00007ffb41456000 	C:\WINDOWS\System32\ucrtbase.dll
0x00007ffb35d50000 - 0x00007ffb35fb9000 	C:\WINDOWS\WinSxS\amd64_microsoft.windows.common-controls_6595b64144ccf1df_6.0.16299.431_none_15c7d3ee93659e73\COMCTL32.dll
0x00007ffb42010000 - 0x00007ffb42318000 	C:\WINDOWS\System32\combase.dll
0x00007ffb41460000 - 0x00007ffb414d2000 	C:\WINDOWS\System32\bcryptPrimitives.dll
0x00007ffb43f60000 - 0x00007ffb43f8d000 	C:\WINDOWS\System32\IMM32.DLL
0x0000000050c70000 - 0x0000000050d42000 	C:\Program Files\Java\jre1.8.0_171\bin\msvcr100.dll
0x0000000050d50000 - 0x00000000515f0000 	C:\Program Files\Java\jre1.8.0_171\bin\server\jvm.dll
0x00007ffb43ff0000 - 0x00007ffb43ff8000 	C:\WINDOWS\System32\PSAPI.DLL
0x00007ffb32b30000 - 0x00007ffb32b39000 	C:\WINDOWS\SYSTEM32\WSOCK32.dll
0x00007ffb3cca0000 - 0x00007ffb3ccc3000 	C:\WINDOWS\SYSTEM32\WINMM.dll
0x00007ffb42400000 - 0x00007ffb4246c000 	C:\WINDOWS\System32\WS2_32.dll
0x00007ffb3e840000 - 0x00007ffb3e84a000 	C:\WINDOWS\SYSTEM32\VERSION.dll
0x00007ffb3cc40000 - 0x00007ffb3cc6a000 	C:\WINDOWS\SYSTEM32\WINMMBASE.dll
0x00007ffb40430000 - 0x00007ffb4047a000 	C:\WINDOWS\System32\cfgmgr32.dll
0x0000000050c60000 - 0x0000000050c6f000 	C:\Program Files\Java\jre1.8.0_171\bin\verify.dll
0x0000000050c30000 - 0x0000000050c59000 	C:\Program Files\Java\jre1.8.0_171\bin\java.dll
0x0000000050c10000 - 0x0000000050c26000 	C:\Program Files\Java\jre1.8.0_171\bin\zip.dll
0x00007ffb42590000 - 0x00007ffb439c8000 	C:\WINDOWS\System32\SHELL32.dll
0x00007ffb41df0000 - 0x00007ffb41e96000 	C:\WINDOWS\System32\shcore.dll
0x00007ffb407a0000 - 0x00007ffb40ee7000 	C:\WINDOWS\System32\windows.storage.dll
0x00007ffb42340000 - 0x00007ffb42391000 	C:\WINDOWS\System32\shlwapi.dll
0x00007ffb40380000 - 0x00007ffb40391000 	C:\WINDOWS\System32\kernel.appcore.dll
0x00007ffb403c0000 - 0x00007ffb4040c000 	C:\WINDOWS\System32\powrprof.dll
0x00007ffb403a0000 - 0x00007ffb403bb000 	C:\WINDOWS\System32\profapi.dll
0x00000000509e0000 - 0x00000000509ed000 	C:\Program Files\Java\jre1.8.0_171\bin\management.dll
0x0000000050bf0000 - 0x0000000050c0a000 	C:\Program Files\Java\jre1.8.0_171\bin\net.dll
0x00007ffb3fc10000 - 0x00007ffb3fc76000 	C:\WINDOWS\system32\mswsock.dll
0x0000000050bd0000 - 0x0000000050be1000 	C:\Program Files\Java\jre1.8.0_171\bin\nio.dll
0x00007ffb39a00000 - 0x00007ffb39a16000 	C:\WINDOWS\system32\napinsp.dll
0x00007ffb27410000 - 0x00007ffb2742a000 	C:\WINDOWS\system32\pnrpnsp.dll
0x00007ffb3cf00000 - 0x00007ffb3cf18000 	C:\WINDOWS\system32\NLAapi.dll
0x00007ffb3f9e0000 - 0x00007ffb3fa96000 	C:\WINDOWS\SYSTEM32\DNSAPI.dll
0x00007ffb43f50000 - 0x00007ffb43f58000 	C:\WINDOWS\System32\NSI.dll
0x00007ffb3f9a0000 - 0x00007ffb3f9d9000 	C:\WINDOWS\SYSTEM32\IPHLPAPI.DLL
0x00007ffb399e0000 - 0x00007ffb399ee000 	C:\WINDOWS\System32\winrnr.dll
0x00007ffb29140000 - 0x00007ffb29155000 	C:\WINDOWS\System32\wshbth.dll
0x00007ffb341c0000 - 0x00007ffb341ca000 	C:\Windows\System32\rasadhlp.dll
0x00007ffb34b70000 - 0x00007ffb34be0000 	C:\WINDOWS\System32\fwpuclnt.dll
0x00007ffb3fee0000 - 0x00007ffb3ff05000 	C:\WINDOWS\SYSTEM32\bcrypt.dll
0x00007ffb3fde0000 - 0x00007ffb3fdf7000 	C:\WINDOWS\SYSTEM32\CRYPTSP.dll
0x00007ffb3f810000 - 0x00007ffb3f843000 	C:\WINDOWS\system32\rsaenh.dll
0x00007ffb40280000 - 0x00007ffb402a9000 	C:\WINDOWS\SYSTEM32\USERENV.dll
0x00007ffb3fdd0000 - 0x00007ffb3fddb000 	C:\WINDOWS\SYSTEM32\CRYPTBASE.dll
0x00007ffb37c50000 - 0x00007ffb37c66000 	C:\WINDOWS\SYSTEM32\dhcpcsvc6.DLL
0x00007ffb37d40000 - 0x00007ffb37d5a000 	C:\WINDOWS\SYSTEM32\dhcpcsvc.DLL
0x0000000180000000 - 0x0000000180025000 	C:\Program Files\Java\jre1.8.0_171\bin\rxtxSerial.dll
0x00007ffb28da0000 - 0x00007ffb28f68000 	C:\WINDOWS\SYSTEM32\dbghelp.dll

VM Arguments:
jvm_args: -Dcom.sun.management.jmxremote -Dcom.sun.management.jmxremote.port=53529 -Dcom.sun.management.jmxremote.authenticate=false -Dcom.sun.management.jmxremote.ssl=false -Djava.rmi.server.hostname=localhost -Dspring.liveBeansView.mbeanDomain -Dspring.application.admin.enabled=true -Xverify:none -XX:TieredStopAtLevel=1 -Dfile.encoding=UTF-8 
java_command: com.paquage.SmsServerBackEndApplication --spring.output.ansi.enabled=always
java_class_path (initial): C:\Program Files\Java\jre1.8.0_171\lib\resources.jar;C:\Program Files\Java\jre1.8.0_171\lib\rt.jar;C:\Program Files\Java\jre1.8.0_171\lib\jsse.jar;C:\Program Files\Java\jre1.8.0_171\lib\jce.jar;C:\Program Files\Java\jre1.8.0_171\lib\charsets.jar;C:\Program Files\Java\jre1.8.0_171\lib\jfr.jar;C:\Program Files\Java\jre1.8.0_171\lib\ext\access-bridge-64.jar;C:\Program Files\Java\jre1.8.0_171\lib\ext\cldrdata.jar;C:\Program Files\Java\jre1.8.0_171\lib\ext\dnsns.jar;C:\Program Files\Java\jre1.8.0_171\lib\ext\jaccess.jar;C:\Program Files\Java\jre1.8.0_171\lib\ext\jfxrt.jar;C:\Program Files\Java\jre1.8.0_171\lib\ext\localedata.jar;C:\Program Files\Java\jre1.8.0_171\lib\ext\nashorn.jar;C:\Program Files\Java\jre1.8.0_171\lib\ext\RXTXcomm.jar;C:\Program Files\Java\jre1.8.0_171\lib\ext\sunec.jar;C:\Program Files\Java\jre1.8.0_171\lib\ext\sunjce_provider.jar;C:\Program Files\Java\jre1.8.0_171\lib\ext\sunmscapi.jar;C:\Program Files\Java\jre1.8.0_171\lib\ext\sunpkcs11.jar;C:\Program Files\Java\jre1.8.0_171\lib\ext\zipfs.jar;E:\WSspg\SmsServerBackEnd\target\classes;E:\WSspg\SmsServerBackEnd\.mvn\wrapper\sms\smslib-3.5.4.jar;E:\WSspg\SmsServerBackEnd\.mvn\wrapper\sms\smsserver-2.1.2.jar;E:\WSspg\SmsServerBackEnd\.mvn\wrapper\sms\log4j-1.2.17.jar;C:\Users\BORIENT\.m2\repository\org\springframework\boot\spring-boot-starter-data-jpa\1.5.10.RELEASE\spring-boot-starter-data-jpa-1.5.10.RELEASE.jar;C:\Users\BORIENT\.m2\repository\org\springframework\boot\spring-boot-starter\1.5.10.RELEASE\spring-boot-starter-1.5.10.RELEASE.jar;C:\Users\BORIENT\.m2\repository\org\springframework\boot\spring-boot-starter-logging\1.5.10.RELEASE\spring-boot-starter-logging-1.5.10.RELEASE.jar;C:\Users\BORIENT\.m2\repository\ch\qos\logback\logback-classic\1.1.11\logback-classic-1.1.11.jar;C:\Users\BORIENT\.m2\repository\ch\qos\logback\logback-core\1.1.11\logback-core-1.1.11.jar;C:\Users\BORIENT\.m2\repository\org\slf4j\jul-to-slf4j\1.7.25\jul-to-slf4j-1.7.25.jar;C:\Users\BORIENT\.m2
Launcher Type: SUN_STANDARD

Environment Variables:
PATH=C:/Program Files/Java/jre1.8.0_171/bin/server;C:/Program Files/Java/jre1.8.0_171/bin;C:/Program Files/Java/jre1.8.0_171/lib/amd64;C:\Program Files (x86)\Common Files\Oracle\Java\javapath;C:\WINDOWS\system32;C:\WINDOWS;C:\WINDOWS\System32\Wbem;C:\WINDOWS\System32\WindowsPowerShell\v1.0\;C:\Program Files (x86)\Git\cmd;C:\Program Files\nodejs\;C:\Program Files\Java\jdk1.8.0_171\bin;C:\Users\BORIENT\AppData\Local\Microsoft\WindowsApps;C:\Program Files\Microsoft VS Code\bin;C:\Users\BORIENT\AppData\Roaming\npm;E:\JAVA2\Nouveau\sts-3.9.3.RELEASE;
USERNAME=BORIENT
OS=Windows_NT
PROCESSOR_IDENTIFIER=Intel64 Family 6 Model 37 Stepping 5, GenuineIntel



---------------  S Y S T E M  ---------------

OS: Windows 10.0 , 64 bit Build 16299 (10.0.16299.431)

CPU:total 4 (initial active 4) (2 cores per cpu, 2 threads per core) family 6 model 37 stepping 5, cmov, cx8, fxsr, mmx, sse, sse2, sse3, ssse3, sse4.1, sse4.2, popcnt, aes, clmul, ht, tsc, tscinvbit

Memory: 4k page, physical 6281068k(1504548k free), swap 11289840k(3877640k free)

vm_info: Java HotSpot(TM) 64-Bit Server VM (25.171-b11) for windows-amd64 JRE (1.8.0_171-b11), built on Mar 28 2018 16:06:12 by "java_re" with MS VC++ 10.0 (VS2010)

time: Sun Jun 10 06:36:14 2018
elapsed time: 577 seconds (0d 0h 9m 37s)

