#
# A fatal error has been detected by the Java Runtime Environment:
#
#  EXCEPTION_ACCESS_VIOLATION (0xc0000005) at pc=0x00000001800087dd, pid=2712, tid=0x0000000000003018
#
# JRE version: Java(TM) SE Runtime Environment (8.0_171-b11) (build 1.8.0_171-b11)
# Java VM: Java HotSpot(TM) 64-Bit Server VM (25.171-b11 mixed mode windows-amd64 compressed oops)
# Problematic frame:
# C  [rxtxSerial.dll+0x87dd]
#
# Failed to write core dump. Minidumps are not enabled by default on client versions of Windows
#
# If you would like to submit a bug report, please visit:
#   http://bugreport.java.com/bugreport/crash.jsp
# The crash happened outside the Java Virtual Machine in native code.
# See problematic frame for where to report the bug.
#

---------------  T H R E A D  ---------------

Current thread (0x000000001cb92800):  JavaThread "Thread-84" daemon [_thread_in_native, id=12312, stack(0x000000002d410000,0x000000002d510000)]

siginfo: ExceptionCode=0xc0000005, writing address 0x0000000000000100

Registers:
RAX=0x0000000000000000, RBX=0x000000001ba57c90, RCX=0x0000000000000002, RDX=0x0000000000000000
RSP=0x000000002d50e510, RBP=0x000000002d50e788, RSI=0x000000001cc05229, RDI=0x000000001ba50840
R8 =0x0000000000000000, R9 =0x0000000000000000, R10=0x000000001ba50c20, R11=0x0000000000000001
R12=0x000000002d50e790, R13=0x000000001809fde0, R14=0x000000002d50e790, R15=0x000000001cb92800
RIP=0x00000001800087dd, EFLAGS=0x0000000000010202

Top of Stack: (sp=0x000000002d50e510)
0x000000002d50e510:   000000001ba57c90 000000001cc05220
0x000000002d50e520:   000000001cb92800 0000000000000009
0x000000002d50e530:   000000001cc05220 000000018000aab4
0x000000002d50e540:   000000001cb929f8 0000000000000106
0x000000002d50e550:   000000001809fde0 000000002d50e790
0x000000002d50e560:   000000001aabcd80 000000001cc05220
0x000000002d50e570:   000000002d50e788 000000018000b7fe
0x000000002d50e580:   0000000000000008 000000001809fde0
0x000000002d50e590:   000000001cb929f8 0000000000000000
0x000000002d50e5a0:   000000001cb92800 0000000000000000
0x000000002d50e5b0:   0000ffda780710a9 000000007fffffdc
0x000000002d50e5c0:   000000002d50e650 0000000000000042
0x000000002d50e5d0:   000000001cb929f8 0000000000000000
0x000000002d50e5e0:   000000001cc05220 000000018000213d
0x000000002d50e5f0:   000000002d50e788 000000018001c0b0
0x000000002d50e600:   0000000000000000 0000000180000000 

Instructions: (pc=0x00000001800087dd)
0x00000001800087bd:   00 00 7e 3d 48 8b 87 08 01 00 00 48 89 bb 00 01
0x00000001800087cd:   00 00 48 89 83 08 01 00 00 48 8b 87 08 01 00 00
0x00000001800087dd:   48 89 98 00 01 00 00 48 89 9f 08 01 00 00 48 8b
0x00000001800087ed:   c3 48 8b 5c 24 30 48 8b 74 24 38 48 83 c4 20 5f 


Register to memory mapping:

RAX=0x0000000000000000 is an unknown value
RBX=0x000000001ba57c90 is an unknown value
RCX=0x0000000000000002 is an unknown value
RDX=0x0000000000000000 is an unknown value
RSP=0x000000002d50e510 is pointing into the stack for thread: 0x000000001cb92800
RBP=0x000000002d50e788 is pointing into the stack for thread: 0x000000001cb92800
RSI=0x000000001cc05229 is an unknown value
RDI=0x000000001ba50840 is an unknown value
R8 =0x0000000000000000 is an unknown value
R9 =0x0000000000000000 is an unknown value
R10=0x000000001ba50c20 is an unknown value
R11=0x0000000000000001 is an unknown value
R12=0x000000002d50e790 is pointing into the stack for thread: 0x000000001cb92800
R13=0x000000001809fde0 is pointing into metadata
R14=0x000000002d50e790 is pointing into the stack for thread: 0x000000001cb92800
R15=0x000000001cb92800 is a thread


Stack: [0x000000002d410000,0x000000002d510000],  sp=0x000000002d50e510,  free space=1017k
Native frames: (J=compiled Java code, j=interpreted, Vv=VM code, C=native code)
C  [rxtxSerial.dll+0x87dd]
C  [rxtxSerial.dll+0xaab4]
C  [rxtxSerial.dll+0x213d]
C  0x0000000004a8923b

Java frames: (J=compiled Java code, j=interpreted, Vv=VM code)
j  gnu.io.RXTXPort.open(Ljava/lang/String;)I+0
j  gnu.io.RXTXPort.<init>(Ljava/lang/String;)V+125
j  gnu.io.RXTXCommDriver.getCommPort(Ljava/lang/String;I)Lgnu/io/CommPort;+78
j  gnu.io.CommPortIdentifier.open(Ljava/lang/String;I)Lgnu/io/CommPort;+171
v  ~StubRoutines::call_stub
J 1298  sun.reflect.NativeMethodAccessorImpl.invoke0(Ljava/lang/reflect/Method;Ljava/lang/Object;[Ljava/lang/Object;)Ljava/lang/Object; (0 bytes) @ 0x0000000004d9903f [0x0000000004d98fc0+0x7f]
J 1297 C1 sun.reflect.NativeMethodAccessorImpl.invoke(Ljava/lang/Object;[Ljava/lang/Object;)Ljava/lang/Object; (104 bytes) @ 0x0000000004d99a9c [0x0000000004d99720+0x37c]
J 1156 C1 sun.reflect.DelegatingMethodAccessorImpl.invoke(Ljava/lang/Object;[Ljava/lang/Object;)Ljava/lang/Object; (10 bytes) @ 0x0000000004d37ce4 [0x0000000004d37ca0+0x44]
J 1155 C1 java.lang.reflect.Method.invoke(Ljava/lang/Object;[Ljava/lang/Object;)Ljava/lang/Object; (62 bytes) @ 0x0000000004d37914 [0x0000000004d37820+0xf4]
j  org.smslib.helper.CommPortIdentifier.open(Ljava/lang/String;I)Lorg/smslib/helper/SerialPort;+53
j  org.smslib.modem.SerialModemDriver.connectPort()V+129
j  org.smslib.modem.AModemDriver.connect()V+8
j  org.smslib.modem.ModemGateway.startGateway()V+45
j  org.smslib.Service$1Starter.run()V+4
v  ~StubRoutines::call_stub

---------------  P R O C E S S  ---------------

Java Threads: ( => current thread )
  0x000000001cb26000 JavaThread "SMSLib-AsyncMessageProcessor : modem.com5" daemon [_thread_blocked, id=8256, stack(0x000000002e310000,0x000000002e410000)]
  0x000000001cb2c000 JavaThread "SMSLib-AsyncNotifier : modem.com5" daemon [_thread_blocked, id=5820, stack(0x000000002e210000,0x000000002e310000)]
  0x000000001cb2b800 JavaThread "SMSlib-ModemReader-modem.com5" daemon [_thread_blocked, id=10396, stack(0x000000002e110000,0x000000002e210000)]
  0x000000001cb27000 JavaThread "CNMIEmulatorProcessor [modem.com5]" daemon [_thread_blocked, id=10504, stack(0x000000002e010000,0x000000002e110000)]
  0x000000001cb27800 JavaThread "KeepAlive [modem.com5]" daemon [_thread_blocked, id=7820, stack(0x000000002df10000,0x000000002e010000)]
  0x000000001cb28800 JavaThread "Thread-94" daemon [_thread_in_native, id=11300, stack(0x000000002de10000,0x000000002df10000)]
  0x000000001cd8d000 JavaThread "Thread-87" daemon [_thread_blocked, id=9560, stack(0x000000002d710000,0x000000002d810000)]
  0x000000001cd8e000 JavaThread "Thread-86" daemon [_thread_blocked, id=13584, stack(0x000000002d610000,0x000000002d710000)]
=>0x000000001cb92800 JavaThread "Thread-84" daemon [_thread_in_native, id=12312, stack(0x000000002d410000,0x000000002d510000)]
  0x000000001cb90800 JavaThread "WatchDog" daemon [_thread_blocked, id=5932, stack(0x000000002d310000,0x000000002d410000)]
  0x000000001cb92000 JavaThread "DelayQueueManager" daemon [_thread_blocked, id=5272, stack(0x000000002d210000,0x000000002d310000)]
  0x000000001cb8f800 JavaThread "NotifyQueueManager" daemon [_thread_blocked, id=8380, stack(0x000000002d110000,0x000000002d210000)]
  0x000000001cb91000 JavaThread "http-nio-3000-AsyncTimeout" daemon [_thread_blocked, id=10600, stack(0x000000002d010000,0x000000002d110000)]
  0x000000001cb94000 JavaThread "http-nio-3000-Acceptor-0" daemon [_thread_in_native, id=6216, stack(0x000000002cf10000,0x000000002d010000)]
  0x000000001cb8d000 JavaThread "http-nio-3000-ClientPoller-1" daemon [_thread_in_native, id=3204, stack(0x000000002ce10000,0x000000002cf10000)]
  0x000000001cb8e000 JavaThread "http-nio-3000-ClientPoller-0" daemon [_thread_in_native, id=7680, stack(0x000000002cd10000,0x000000002ce10000)]
  0x000000001cd9b800 JavaThread "http-nio-3000-exec-10" daemon [_thread_blocked, id=13860, stack(0x000000002cc10000,0x000000002cd10000)]
  0x000000001cd9a800 JavaThread "http-nio-3000-exec-9" daemon [_thread_blocked, id=6564, stack(0x000000002cb10000,0x000000002cc10000)]
  0x000000001cd9a000 JavaThread "http-nio-3000-exec-8" daemon [_thread_blocked, id=13380, stack(0x000000002ca10000,0x000000002cb10000)]
  0x000000001cd97800 JavaThread "http-nio-3000-exec-7" daemon [_thread_blocked, id=11540, stack(0x000000002c910000,0x000000002ca10000)]
  0x000000001cd99000 JavaThread "http-nio-3000-exec-6" daemon [_thread_blocked, id=8972, stack(0x000000002c810000,0x000000002c910000)]
  0x000000001cd94000 JavaThread "http-nio-3000-exec-5" daemon [_thread_blocked, id=7416, stack(0x000000002c710000,0x000000002c810000)]
  0x000000001cd97000 JavaThread "http-nio-3000-exec-4" daemon [_thread_blocked, id=10056, stack(0x000000002c610000,0x000000002c710000)]
  0x000000001cd95800 JavaThread "http-nio-3000-exec-3" daemon [_thread_blocked, id=6868, stack(0x000000002c510000,0x000000002c610000)]
  0x000000001cd96000 JavaThread "http-nio-3000-exec-2" daemon [_thread_blocked, id=13668, stack(0x000000002c410000,0x000000002c510000)]
  0x000000001cd94800 JavaThread "http-nio-3000-exec-1" daemon [_thread_blocked, id=2344, stack(0x000000002c310000,0x000000002c410000)]
  0x000000001cd8c800 JavaThread "NioBlockingSelector.BlockPoller-8" daemon [_thread_in_native, id=9508, stack(0x000000002c210000,0x000000002c310000)]
  0x000000001cd93000 JavaThread "File Watcher" daemon [_thread_blocked, id=10732, stack(0x000000002c110000,0x000000002c210000)]
  0x000000001cd90000 JavaThread "Tomcat JDBC Pool Cleaner[1984697014:1528523261235]" daemon [_thread_blocked, id=12016, stack(0x000000002c010000,0x000000002c110000)]
  0x000000001cd8f800 JavaThread "container-0" [_thread_blocked, id=3168, stack(0x000000002bf10000,0x000000002c010000)]
  0x000000001cd91000 JavaThread "ContainerBackgroundProcessor[StandardEngine[Tomcat]]" daemon [_thread_blocked, id=13632, stack(0x000000002be10000,0x000000002bf10000)]
  0x000000001cd92800 JavaThread "DestroyJavaVM" [_thread_blocked, id=7568, stack(0x0000000004740000,0x0000000004840000)]
  0x000000001cb8e800 JavaThread "Live Reload Server" daemon [_thread_in_native, id=3696, stack(0x000000001ea10000,0x000000001eb10000)]
  0x000000001c90e800 JavaThread "Abandoned connection cleanup thread" daemon [_thread_blocked, id=2964, stack(0x000000001df10000,0x000000001e010000)]
  0x000000001a80a000 JavaThread "RMI TCP Accept-0" daemon [_thread_in_native, id=2676, stack(0x000000001b080000,0x000000001b180000)]
  0x000000001a806800 JavaThread "RMI TCP Accept-60508" daemon [_thread_in_native, id=6968, stack(0x000000001af80000,0x000000001b080000)]
  0x000000001a7fa000 JavaThread "RMI TCP Accept-0" daemon [_thread_in_native, id=13476, stack(0x000000001ae80000,0x000000001af80000)]
  0x000000001841e000 JavaThread "Service Thread" daemon [_thread_blocked, id=6976, stack(0x000000001a240000,0x000000001a340000)]
  0x00000000183d7800 JavaThread "C1 CompilerThread2" daemon [_thread_blocked, id=908, stack(0x0000000019d40000,0x0000000019e40000)]
  0x00000000183c5800 JavaThread "C2 CompilerThread1" daemon [_thread_blocked, id=10772, stack(0x0000000019c40000,0x0000000019d40000)]
  0x00000000183c3000 JavaThread "C2 CompilerThread0" daemon [_thread_blocked, id=12528, stack(0x0000000019b40000,0x0000000019c40000)]
  0x00000000183c0800 JavaThread "Attach Listener" daemon [_thread_blocked, id=6456, stack(0x0000000019a40000,0x0000000019b40000)]
  0x00000000183bf000 JavaThread "Signal Dispatcher" daemon [_thread_blocked, id=4028, stack(0x0000000019940000,0x0000000019a40000)]
  0x00000000183aa000 JavaThread "Finalizer" daemon [_thread_blocked, id=8780, stack(0x0000000019620000,0x0000000019720000)]
  0x0000000018389000 JavaThread "Reference Handler" daemon [_thread_blocked, id=11232, stack(0x0000000019520000,0x0000000019620000)]

Other Threads:
  0x0000000018387000 VMThread [stack: 0x0000000019420000,0x0000000019520000] [id=12568]
  0x000000001a80e800 WatcherThread [stack: 0x000000001b180000,0x000000001b280000] [id=372]

VM state:not at safepoint (normal execution)

VM Mutex/Monitor currently owned by a thread: None

Heap:
 PSYoungGen      total 240640K, used 163601K [0x00000000e0100000, 0x00000000efa80000, 0x0000000100000000)
  eden space 226816K, 72% used [0x00000000e0100000,0x00000000ea0c4410,0x00000000ede80000)
  from space 13824K, 0% used [0x00000000eed00000,0x00000000eed00000,0x00000000efa80000)
  to   space 14336K, 0% used [0x00000000ede80000,0x00000000ede80000,0x00000000eec80000)
 ParOldGen       total 88576K, used 23243K [0x00000000a0200000, 0x00000000a5880000, 0x00000000e0100000)
  object space 88576K, 26% used [0x00000000a0200000,0x00000000a18b2c78,0x00000000a5880000)
 Metaspace       used 39036K, capacity 40242K, committed 40360K, reserved 1083392K
  class space    used 5151K, capacity 5434K, committed 5552K, reserved 1048576K

Card table byte_map: [0x0000000013e30000,0x0000000014130000] byte_map_base: 0x000000001392f000

Marking Bits: (ParMarkBitMap*) 0x00000000515508c0
 Begin Bits: [0x0000000014730000, 0x0000000015f28000)
 End Bits:   [0x0000000015f28000, 0x0000000017720000)

Polling page: 0x0000000002b70000

CodeCache: size=245760Kb used=11583Kb max_used=11583Kb free=234176Kb
 bounds [0x0000000004a70000, 0x00000000055d0000, 0x0000000013a70000]
 total_blobs=5998 nmethods=5496 adapters=415
 compilation: enabled

Compilation events (10 events):
Event: 1711.665 Thread 0x00000000183d7800 5582  s!   1       java.lang.Thread::start (71 bytes)
Event: 1711.667 Thread 0x00000000183d7800 nmethod 5582 0x00000000055c0690 code [0x00000000055c0840, 0x00000000055c0d98]
Event: 1711.913 Thread 0x00000000183d7800 5584       1       org.smslib.modem.AModemDriver::getSYNCReader (5 bytes)
Event: 1711.913 Thread 0x00000000183d7800 nmethod 5584 0x00000000055c1090 code [0x00000000055c11e0, 0x00000000055c12f0]
Event: 1712.004 Thread 0x00000000183d7800 5585       1       org.smslib.modem.athandler.AATHandler::getUnsolicitedResponse (7 bytes)
Event: 1712.005 Thread 0x00000000183d7800 nmethod 5585 0x00000000055c1350 code [0x00000000055c14a0, 0x00000000055c15d0]
Event: 1712.030 Thread 0x00000000183d7800 5586       1       org.smslib.modem.AModemDriver::isConnected (5 bytes)
Event: 1712.030 Thread 0x00000000183d7800 nmethod 5586 0x00000000055c1690 code [0x00000000055c17e0, 0x00000000055c18f0]
Event: 1712.206 Thread 0x00000000183d7800 5587       1       gnu.io.SerialPortEvent::getEventType (5 bytes)
Event: 1712.207 Thread 0x00000000183d7800 nmethod 5587 0x00000000055c1950 code [0x00000000055c1aa0, 0x00000000055c1bb0]

GC Heap History (10 events):
Event: 1525.244 GC heap before
{Heap before GC invocations=23 (full 7):
 PSYoungGen      total 241152K, used 4045K [0x00000000e0100000, 0x00000000efb80000, 0x0000000100000000)
  eden space 226816K, 0% used [0x00000000e0100000,0x00000000e0100000,0x00000000ede80000)
  from space 14336K, 28% used [0x00000000eed80000,0x00000000ef173788,0x00000000efb80000)
  to   space 14848K, 0% used [0x00000000ede80000,0x00000000ede80000,0x00000000eed00000)
 ParOldGen       total 88576K, used 23813K [0x00000000a0200000, 0x00000000a5880000, 0x00000000e0100000)
  object space 88576K, 26% used [0x00000000a0200000,0x00000000a1941428,0x00000000a5880000)
 Metaspace       used 38464K, capacity 39374K, committed 39720K, reserved 1083392K
  class space    used 5075K, capacity 5298K, committed 5424K, reserved 1048576K
Event: 1525.918 GC heap after
Heap after GC invocations=23 (full 7):
 PSYoungGen      total 241152K, used 0K [0x00000000e0100000, 0x00000000efb80000, 0x0000000100000000)
  eden space 226816K, 0% used [0x00000000e0100000,0x00000000e0100000,0x00000000ede80000)
  from space 14336K, 0% used [0x00000000eed80000,0x00000000eed80000,0x00000000efb80000)
  to   space 14848K, 0% used [0x00000000ede80000,0x00000000ede80000,0x00000000eed00000)
 ParOldGen       total 88576K, used 23064K [0x00000000a0200000, 0x00000000a5880000, 0x00000000e0100000)
  object space 88576K, 26% used [0x00000000a0200000,0x00000000a18863d0,0x00000000a5880000)
 Metaspace       used 38312K, capacity 39130K, committed 39720K, reserved 1083392K
  class space    used 5049K, capacity 5251K, committed 5424K, reserved 1048576K
}
Event: 1541.075 GC heap before
{Heap before GC invocations=24 (full 7):
 PSYoungGen      total 241152K, used 167223K [0x00000000e0100000, 0x00000000efb80000, 0x0000000100000000)
  eden space 226816K, 73% used [0x00000000e0100000,0x00000000ea44dc88,0x00000000ede80000)
  from space 14336K, 0% used [0x00000000eed80000,0x00000000eed80000,0x00000000efb80000)
  to   space 14848K, 0% used [0x00000000ede80000,0x00000000ede80000,0x00000000eed00000)
 ParOldGen       total 88576K, used 23064K [0x00000000a0200000, 0x00000000a5880000, 0x00000000e0100000)
  object space 88576K, 26% used [0x00000000a0200000,0x00000000a18863d0,0x00000000a5880000)
 Metaspace       used 38504K, capacity 39510K, committed 39720K, reserved 1083392K
  class space    used 5078K, capacity 5298K, committed 5424K, reserved 1048576K
Event: 1541.098 GC heap after
Heap after GC invocations=24 (full 7):
 PSYoungGen      total 241664K, used 4060K [0x00000000e0100000, 0x00000000efb80000, 0x0000000100000000)
  eden space 226816K, 0% used [0x00000000e0100000,0x00000000e0100000,0x00000000ede80000)
  from space 14848K, 27% used [0x00000000ede80000,0x00000000ee277118,0x00000000eed00000)
  to   space 14848K, 0% used [0x00000000eed00000,0x00000000eed00000,0x00000000efb80000)
 ParOldGen       total 88576K, used 23072K [0x00000000a0200000, 0x00000000a5880000, 0x00000000e0100000)
  object space 88576K, 26% used [0x00000000a0200000,0x00000000a18883d0,0x00000000a5880000)
 Metaspace       used 38504K, capacity 39510K, committed 39720K, reserved 1083392K
  class space    used 5078K, capacity 5298K, committed 5424K, reserved 1048576K
}
Event: 1541.099 GC heap before
{Heap before GC invocations=25 (full 8):
 PSYoungGen      total 241664K, used 4060K [0x00000000e0100000, 0x00000000efb80000, 0x0000000100000000)
  eden space 226816K, 0% used [0x00000000e0100000,0x00000000e0100000,0x00000000ede80000)
  from space 14848K, 27% used [0x00000000ede80000,0x00000000ee277118,0x00000000eed00000)
  to   space 14848K, 0% used [0x00000000eed00000,0x00000000eed00000,0x00000000efb80000)
 ParOldGen       total 88576K, used 23072K [0x00000000a0200000, 0x00000000a5880000, 0x00000000e0100000)
  object space 88576K, 26% used [0x00000000a0200000,0x00000000a18883d0,0x00000000a5880000)
 Metaspace       used 38504K, capacity 39510K, committed 39720K, reserved 1083392K
  class space    used 5078K, capacity 5298K, committed 5424K, reserved 1048576K
Event: 1541.766 GC heap after
Heap after GC invocations=25 (full 8):
 PSYoungGen      total 241664K, used 0K [0x00000000e0100000, 0x00000000efb80000, 0x0000000100000000)
  eden space 226816K, 0% used [0x00000000e0100000,0x00000000e0100000,0x00000000ede80000)
  from space 14848K, 0% used [0x00000000ede80000,0x00000000ede80000,0x00000000eed00000)
  to   space 14848K, 0% used [0x00000000eed00000,0x00000000eed00000,0x00000000efb80000)
 ParOldGen       total 88576K, used 22938K [0x00000000a0200000, 0x00000000a5880000, 0x00000000e0100000)
  object space 88576K, 25% used [0x00000000a0200000,0x00000000a1866b28,0x00000000a5880000)
 Metaspace       used 38489K, capacity 39486K, committed 39720K, reserved 1083392K
  class space    used 5076K, capacity 5294K, committed 5424K, reserved 1048576K
}
Event: 1637.221 GC heap before
{Heap before GC invocations=26 (full 8):
 PSYoungGen      total 241664K, used 180040K [0x00000000e0100000, 0x00000000efb80000, 0x0000000100000000)
  eden space 226816K, 79% used [0x00000000e0100000,0x00000000eb0d2240,0x00000000ede80000)
  from space 14848K, 0% used [0x00000000ede80000,0x00000000ede80000,0x00000000eed00000)
  to   space 14848K, 0% used [0x00000000eed00000,0x00000000eed00000,0x00000000efb80000)
 ParOldGen       total 88576K, used 22938K [0x00000000a0200000, 0x00000000a5880000, 0x00000000e0100000)
  object space 88576K, 25% used [0x00000000a0200000,0x00000000a1866b28,0x00000000a5880000)
 Metaspace       used 38859K, capacity 39926K, committed 40232K, reserved 1083392K
  class space    used 5129K, capacity 5374K, committed 5424K, reserved 1048576K
Event: 1637.238 GC heap after
Heap after GC invocations=26 (full 8):
 PSYoungGen      total 240640K, used 4317K [0x00000000e0100000, 0x00000000efa80000, 0x0000000100000000)
  eden space 226816K, 0% used [0x00000000e0100000,0x00000000e0100000,0x00000000ede80000)
  from space 13824K, 31% used [0x00000000eed00000,0x00000000ef137798,0x00000000efa80000)
  to   space 14336K, 0% used [0x00000000ede80000,0x00000000ede80000,0x00000000eec80000)
 ParOldGen       total 88576K, used 22946K [0x00000000a0200000, 0x00000000a5880000, 0x00000000e0100000)
  object space 88576K, 25% used [0x00000000a0200000,0x00000000a1868b28,0x00000000a5880000)
 Metaspace       used 38859K, capacity 39926K, committed 40232K, reserved 1083392K
  class space    used 5129K, capacity 5374K, committed 5424K, reserved 1048576K
}
Event: 1637.238 GC heap before
{Heap before GC invocations=27 (full 9):
 PSYoungGen      total 240640K, used 4317K [0x00000000e0100000, 0x00000000efa80000, 0x0000000100000000)
  eden space 226816K, 0% used [0x00000000e0100000,0x00000000e0100000,0x00000000ede80000)
  from space 13824K, 31% used [0x00000000eed00000,0x00000000ef137798,0x00000000efa80000)
  to   space 14336K, 0% used [0x00000000ede80000,0x00000000ede80000,0x00000000eec80000)
 ParOldGen       total 88576K, used 22946K [0x00000000a0200000, 0x00000000a5880000, 0x00000000e0100000)
  object space 88576K, 25% used [0x00000000a0200000,0x00000000a1868b28,0x00000000a5880000)
 Metaspace       used 38859K, capacity 39926K, committed 40232K, reserved 1083392K
  class space    used 5129K, capacity 5374K, committed 5424K, reserved 1048576K
Event: 1637.634 GC heap after
Heap after GC invocations=27 (full 9):
 PSYoungGen      total 240640K, used 0K [0x00000000e0100000, 0x00000000efa80000, 0x0000000100000000)
  eden space 226816K, 0% used [0x00000000e0100000,0x00000000e0100000,0x00000000ede80000)
  from space 13824K, 0% used [0x00000000eed00000,0x00000000eed00000,0x00000000efa80000)
  to   space 14336K, 0% used [0x00000000ede80000,0x00000000ede80000,0x00000000eec80000)
 ParOldGen       total 88576K, used 23243K [0x00000000a0200000, 0x00000000a5880000, 0x00000000e0100000)
  object space 88576K, 26% used [0x00000000a0200000,0x00000000a18b2c78,0x00000000a5880000)
 Metaspace       used 38851K, capacity 39908K, committed 40232K, reserved 1083392K
  class space    used 5127K, capacity 5369K, committed 5424K, reserved 1048576K
}

Deoptimization events (0 events):
No events

Classes redefined (0 events):
No events

Internal exceptions (10 events):
Event: 1712.689 Thread 0x000000001cd8d000 Exception <a 'java/io/IOException': No error in nativeDrain> (0x00000000e9a9bb00) thrown at [C:\re\workspace\8-2-build-windows-amd64-cygwin\jdk8u171\10807\hotspot\src\share\vm\prims\jni.cpp, line 735]
Event: 1712.891 Thread 0x000000001cd8d000 Exception <a 'java/io/IOException': No error in nativeDrain> (0x00000000e9a9c0d8) thrown at [C:\re\workspace\8-2-build-windows-amd64-cygwin\jdk8u171\10807\hotspot\src\share\vm\prims\jni.cpp, line 735]
Event: 1713.093 Thread 0x000000001cd8d000 Exception <a 'java/io/IOException': No error in nativeDrain> (0x00000000e9a9c6c8) thrown at [C:\re\workspace\8-2-build-windows-amd64-cygwin\jdk8u171\10807\hotspot\src\share\vm\prims\jni.cpp, line 735]
Event: 1713.808 Thread 0x000000001cb2a000 Exception <a 'java/io/IOException': No error in nativeavailable> (0x00000000e9cfc890) thrown at [C:\re\workspace\8-2-build-windows-amd64-cygwin\jdk8u171\10807\hotspot\src\share\vm\prims\jni.cpp, line 735]
Event: 1713.809 Thread 0x000000001cb93800 Exception <a 'java/io/IOException': No error in nativeavailable> (0x00000000e99f9680) thrown at [C:\re\workspace\8-2-build-windows-amd64-cygwin\jdk8u171\10807\hotspot\src\share\vm\prims\jni.cpp, line 735]
Event: 1713.809 Thread 0x000000001cd98800 Exception <a 'java/lang/InterruptedException': sleep interrupted> (0x00000000e9e3c308) thrown at [C:\re\workspace\8-2-build-windows-amd64-cygwin\jdk8u171\10807\hotspot\src\share\vm\prims\jvm.cpp, line 3273]
Event: 1713.809 Thread 0x000000001cb29000 Exception <a 'java/lang/InterruptedException': sleep interrupted> (0x00000000e9ede348) thrown at [C:\re\workspace\8-2-build-windows-amd64-cygwin\jdk8u171\10807\hotspot\src\share\vm\prims\jvm.cpp, line 3273]
Event: 1713.811 Thread 0x000000001cb2d000 Exception <a 'java/lang/InterruptedException'> (0x00000000ea0223c8) thrown at [C:\re\workspace\8-2-build-windows-amd64-cygwin\jdk8u171\10807\hotspot\src\share\vm\runtime\objectMonitor.cpp, line 1684]
Event: 1713.835 Thread 0x000000001cb92800 Exception <a 'java/io/FileNotFoundException'> (0x00000000e9b13200) thrown at [C:\re\workspace\8-2-build-windows-amd64-cygwin\jdk8u171\10807\hotspot\src\share\vm\prims\jni.cpp, line 709]
Event: 1713.972 Thread 0x000000001cb92800 Exception <a 'java/io/FileNotFoundException'> (0x00000000e9b294b0) thrown at [C:\re\workspace\8-2-build-windows-amd64-cygwin\jdk8u171\10807\hotspot\src\share\vm\prims\jni.cpp, line 709]

Events (10 events):
Event: 1713.809 Executing VM operation: RevokeBias done
Event: 1713.809 Thread 0x000000001cb2a000 Thread exited: 0x000000001cb2a000
Event: 1713.809 Thread 0x000000001cd98800 Thread exited: 0x000000001cd98800
Event: 1713.809 Thread 0x000000001cb29000 Thread exited: 0x000000001cb29000
Event: 1713.810 Thread 0x000000001cb2a800 Thread exited: 0x000000001cb2a800
Event: 1713.811 Thread 0x000000001cb2d000 Thread exited: 0x000000001cb2d000
Event: 1713.811 Thread 0x000000001cd8e800 Thread exited: 0x000000001cd8e800
Event: 1713.834 Executing VM operation: RevokeBias
Event: 1713.835 Executing VM operation: RevokeBias done
Event: 1713.835 Thread 0x000000001cb93800 Thread exited: 0x000000001cb93800


Dynamic libraries:
0x00007ff7a03e0000 - 0x00007ff7a0417000 	C:\Program Files\Java\jre1.8.0_171\bin\javaw.exe
0x00007ffb44030000 - 0x00007ffb44210000 	C:\WINDOWS\SYSTEM32\ntdll.dll
0x00007ffb439d0000 - 0x00007ffb43a7e000 	C:\WINDOWS\System32\KERNEL32.DLL
0x00007ffb410f0000 - 0x00007ffb41356000 	C:\WINDOWS\System32\KERNELBASE.dll
0x00007ffb41d40000 - 0x00007ffb41de1000 	C:\WINDOWS\System32\ADVAPI32.dll
0x00007ffb41ca0000 - 0x00007ffb41d3d000 	C:\WINDOWS\System32\msvcrt.dll
0x00007ffb423a0000 - 0x00007ffb423fb000 	C:\WINDOWS\System32\sechost.dll
0x00007ffb42470000 - 0x00007ffb4258f000 	C:\WINDOWS\System32\RPCRT4.dll
0x00007ffb43dc0000 - 0x00007ffb43f4f000 	C:\WINDOWS\System32\USER32.dll
0x00007ffb414e0000 - 0x00007ffb41500000 	C:\WINDOWS\System32\win32u.dll
0x00007ffb43d90000 - 0x00007ffb43db8000 	C:\WINDOWS\System32\GDI32.dll
0x00007ffb40f50000 - 0x00007ffb410e3000 	C:\WINDOWS\System32\gdi32full.dll
0x00007ffb40480000 - 0x00007ffb4051b000 	C:\WINDOWS\System32\msvcp_win.dll
0x00007ffb41360000 - 0x00007ffb41456000 	C:\WINDOWS\System32\ucrtbase.dll
0x00007ffb35d50000 - 0x00007ffb35fb9000 	C:\WINDOWS\WinSxS\amd64_microsoft.windows.common-controls_6595b64144ccf1df_6.0.16299.431_none_15c7d3ee93659e73\COMCTL32.dll
0x00007ffb42010000 - 0x00007ffb42318000 	C:\WINDOWS\System32\combase.dll
0x00007ffb41460000 - 0x00007ffb414d2000 	C:\WINDOWS\System32\bcryptPrimitives.dll
0x00007ffb43f60000 - 0x00007ffb43f8d000 	C:\WINDOWS\System32\IMM32.DLL
0x0000000050c50000 - 0x0000000050d22000 	C:\Program Files\Java\jre1.8.0_171\bin\msvcr100.dll
0x0000000050d30000 - 0x00000000515d0000 	C:\Program Files\Java\jre1.8.0_171\bin\server\jvm.dll
0x00007ffb43ff0000 - 0x00007ffb43ff8000 	C:\WINDOWS\System32\PSAPI.DLL
0x00007ffb3cca0000 - 0x00007ffb3ccc3000 	C:\WINDOWS\SYSTEM32\WINMM.dll
0x00007ffb32b30000 - 0x00007ffb32b39000 	C:\WINDOWS\SYSTEM32\WSOCK32.dll
0x00007ffb3cc40000 - 0x00007ffb3cc6a000 	C:\WINDOWS\SYSTEM32\WINMMBASE.dll
0x00007ffb42400000 - 0x00007ffb4246c000 	C:\WINDOWS\System32\WS2_32.dll
0x00007ffb3e840000 - 0x00007ffb3e84a000 	C:\WINDOWS\SYSTEM32\VERSION.dll
0x00007ffb40430000 - 0x00007ffb4047a000 	C:\WINDOWS\System32\cfgmgr32.dll
0x0000000050c40000 - 0x0000000050c4f000 	C:\Program Files\Java\jre1.8.0_171\bin\verify.dll
0x0000000050c10000 - 0x0000000050c39000 	C:\Program Files\Java\jre1.8.0_171\bin\java.dll
0x0000000050bf0000 - 0x0000000050c06000 	C:\Program Files\Java\jre1.8.0_171\bin\zip.dll
0x00007ffb42590000 - 0x00007ffb439c8000 	C:\WINDOWS\System32\SHELL32.dll
0x00007ffb41df0000 - 0x00007ffb41e96000 	C:\WINDOWS\System32\shcore.dll
0x00007ffb407a0000 - 0x00007ffb40ee7000 	C:\WINDOWS\System32\windows.storage.dll
0x00007ffb42340000 - 0x00007ffb42391000 	C:\WINDOWS\System32\shlwapi.dll
0x00007ffb40380000 - 0x00007ffb40391000 	C:\WINDOWS\System32\kernel.appcore.dll
0x00007ffb403c0000 - 0x00007ffb4040c000 	C:\WINDOWS\System32\powrprof.dll
0x00007ffb403a0000 - 0x00007ffb403bb000 	C:\WINDOWS\System32\profapi.dll
0x0000000050920000 - 0x000000005092d000 	C:\Program Files\Java\jre1.8.0_171\bin\management.dll
0x0000000050bd0000 - 0x0000000050bea000 	C:\Program Files\Java\jre1.8.0_171\bin\net.dll
0x00007ffb3fc10000 - 0x00007ffb3fc76000 	C:\WINDOWS\system32\mswsock.dll
0x0000000050bb0000 - 0x0000000050bc1000 	C:\Program Files\Java\jre1.8.0_171\bin\nio.dll
0x00007ffb39a00000 - 0x00007ffb39a16000 	C:\WINDOWS\system32\napinsp.dll
0x00007ffb27410000 - 0x00007ffb2742a000 	C:\WINDOWS\system32\pnrpnsp.dll
0x00007ffb3cf00000 - 0x00007ffb3cf18000 	C:\WINDOWS\system32\NLAapi.dll
0x00007ffb3f9e0000 - 0x00007ffb3fa96000 	C:\WINDOWS\SYSTEM32\DNSAPI.dll
0x00007ffb43f50000 - 0x00007ffb43f58000 	C:\WINDOWS\System32\NSI.dll
0x00007ffb3f9a0000 - 0x00007ffb3f9d9000 	C:\WINDOWS\SYSTEM32\IPHLPAPI.DLL
0x00007ffb399e0000 - 0x00007ffb399ee000 	C:\WINDOWS\System32\winrnr.dll
0x00007ffb29140000 - 0x00007ffb29155000 	C:\WINDOWS\System32\wshbth.dll
0x00007ffb341c0000 - 0x00007ffb341ca000 	C:\Windows\System32\rasadhlp.dll
0x00007ffb34b70000 - 0x00007ffb34be0000 	C:\WINDOWS\System32\fwpuclnt.dll
0x00007ffb3fee0000 - 0x00007ffb3ff05000 	C:\WINDOWS\SYSTEM32\bcrypt.dll
0x00007ffb3fde0000 - 0x00007ffb3fdf7000 	C:\WINDOWS\SYSTEM32\CRYPTSP.dll
0x00007ffb3f810000 - 0x00007ffb3f843000 	C:\WINDOWS\system32\rsaenh.dll
0x00007ffb40280000 - 0x00007ffb402a9000 	C:\WINDOWS\SYSTEM32\USERENV.dll
0x00007ffb3fdd0000 - 0x00007ffb3fddb000 	C:\WINDOWS\SYSTEM32\CRYPTBASE.dll
0x00007ffb37c50000 - 0x00007ffb37c66000 	C:\WINDOWS\SYSTEM32\dhcpcsvc6.DLL
0x00007ffb37d40000 - 0x00007ffb37d5a000 	C:\WINDOWS\SYSTEM32\dhcpcsvc.DLL
0x0000000180000000 - 0x0000000180025000 	C:\Program Files\Java\jre1.8.0_171\bin\rxtxSerial.dll
0x00007ffb28da0000 - 0x00007ffb28f68000 	C:\WINDOWS\SYSTEM32\dbghelp.dll

VM Arguments:
jvm_args: -Dcom.sun.management.jmxremote -Dcom.sun.management.jmxremote.port=60508 -Dcom.sun.management.jmxremote.authenticate=false -Dcom.sun.management.jmxremote.ssl=false -Djava.rmi.server.hostname=localhost -Dspring.liveBeansView.mbeanDomain -Dspring.application.admin.enabled=true -Xverify:none -XX:TieredStopAtLevel=1 -Dfile.encoding=UTF-8 
java_command: com.paquage.SmsServerBackEndApplication --spring.output.ansi.enabled=always
java_class_path (initial): C:\Program Files\Java\jre1.8.0_171\lib\resources.jar;C:\Program Files\Java\jre1.8.0_171\lib\rt.jar;C:\Program Files\Java\jre1.8.0_171\lib\jsse.jar;C:\Program Files\Java\jre1.8.0_171\lib\jce.jar;C:\Program Files\Java\jre1.8.0_171\lib\charsets.jar;C:\Program Files\Java\jre1.8.0_171\lib\jfr.jar;C:\Program Files\Java\jre1.8.0_171\lib\ext\access-bridge-64.jar;C:\Program Files\Java\jre1.8.0_171\lib\ext\cldrdata.jar;C:\Program Files\Java\jre1.8.0_171\lib\ext\dnsns.jar;C:\Program Files\Java\jre1.8.0_171\lib\ext\jaccess.jar;C:\Program Files\Java\jre1.8.0_171\lib\ext\jfxrt.jar;C:\Program Files\Java\jre1.8.0_171\lib\ext\localedata.jar;C:\Program Files\Java\jre1.8.0_171\lib\ext\nashorn.jar;C:\Program Files\Java\jre1.8.0_171\lib\ext\sunec.jar;C:\Program Files\Java\jre1.8.0_171\lib\ext\sunjce_provider.jar;C:\Program Files\Java\jre1.8.0_171\lib\ext\sunmscapi.jar;C:\Program Files\Java\jre1.8.0_171\lib\ext\sunpkcs11.jar;C:\Program Files\Java\jre1.8.0_171\lib\ext\zipfs.jar;E:\WSspg\SmsServerBackEnd\target\classes;E:\WSspg\SmsServerBackEnd\.mvn\wrapper\sms\log4j.jar;E:\WSspg\SmsServerBackEnd\.mvn\wrapper\sms\smslib-3.5.4.jar;E:\WSspg\SmsServerBackEnd\.mvn\wrapper\sms\smsserver-2.1.2.jar;C:\Users\BORIENT\.m2\repository\org\springframework\boot\spring-boot-starter-data-jpa\1.5.10.RELEASE\spring-boot-starter-data-jpa-1.5.10.RELEASE.jar;C:\Users\BORIENT\.m2\repository\org\springframework\boot\spring-boot-starter\1.5.10.RELEASE\spring-boot-starter-1.5.10.RELEASE.jar;C:\Users\BORIENT\.m2\repository\org\springframework\boot\spring-boot-starter-logging\1.5.10.RELEASE\spring-boot-starter-logging-1.5.10.RELEASE.jar;C:\Users\BORIENT\.m2\repository\ch\qos\logback\logback-classic\1.1.11\logback-classic-1.1.11.jar;C:\Users\BORIENT\.m2\repository\ch\qos\logback\logback-core\1.1.11\logback-core-1.1.11.jar;C:\Users\BORIENT\.m2\repository\org\slf4j\jul-to-slf4j\1.7.25\jul-to-slf4j-1.7.25.jar;C:\Users\BORIENT\.m2\repository\org\slf4j\log4j-over-slf4j\1.7.25\log4j-over-slf4j-
Launcher Type: SUN_STANDARD

Environment Variables:
PATH=C:/Program Files/Java/jre1.8.0_171/bin/server;C:/Program Files/Java/jre1.8.0_171/bin;C:/Program Files/Java/jre1.8.0_171/lib/amd64;C:\Program Files (x86)\Common Files\Oracle\Java\javapath;C:\WINDOWS\system32;C:\WINDOWS;C:\WINDOWS\System32\Wbem;C:\WINDOWS\System32\WindowsPowerShell\v1.0\;C:\Program Files (x86)\Git\cmd;C:\Program Files\nodejs\;C:\Program Files\Java\jdk1.8.0_171\bin;C:\Users\BORIENT\AppData\Local\Microsoft\WindowsApps;C:\Program Files\Microsoft VS Code\bin;C:\Users\BORIENT\AppData\Roaming\npm;E:\JAVA2\Nouveau\sts-3.9.3.RELEASE;
USERNAME=BORIENT
OS=Windows_NT
PROCESSOR_IDENTIFIER=Intel64 Family 6 Model 37 Stepping 5, GenuineIntel



---------------  S Y S T E M  ---------------

OS: Windows 10.0 , 64 bit Build 16299 (10.0.16299.431)

CPU:total 4 (initial active 4) (2 cores per cpu, 2 threads per core) family 6 model 37 stepping 5, cmov, cx8, fxsr, mmx, sse, sse2, sse3, ssse3, sse4.1, sse4.2, popcnt, aes, clmul, ht, tsc, tscinvbit

Memory: 4k page, physical 6281068k(1084708k free), swap 11293208k(1780964k free)

vm_info: Java HotSpot(TM) 64-Bit Server VM (25.171-b11) for windows-amd64 JRE (1.8.0_171-b11), built on Mar 28 2018 16:06:12 by "java_re" with MS VC++ 10.0 (VS2010)

time: Sat Jun 09 06:48:55 2018
elapsed time: 1714 seconds (0d 0h 28m 34s)

